2024-07-11 14:25:06,056 INFO [restartedMain] c.n.c.CommunityApplication [StartupInfoLogger.java:55] Starting CommunityApplication using Java 17.0.11 on LAPTOP-MN5CB8EN with PID 21508 (D:\community1\community\target\classes started by QL in D:\community1\community)
2024-07-11 14:25:06,078 INFO [restartedMain] c.n.c.CommunityApplication [SpringApplication.java:634] No active profile set, falling back to 1 default profile: "default"
2024-07-11 14:25:06,480 INFO [restartedMain] o.s.b.d.e.DevToolsPropertyDefaultsPostProcessor [DeferredLog.java:255] Devtools property defaults active! Set 'spring.devtools.add-properties' to 'false' to disable
2024-07-11 14:25:06,481 INFO [restartedMain] o.s.b.d.e.DevToolsPropertyDefaultsPostProcessor [DeferredLog.java:255] For additional web related logging consider setting the 'logging.level.web' property to 'DEBUG'
2024-07-11 14:25:17,005 INFO [restartedMain] o.s.d.r.c.RepositoryConfigurationDelegate [RepositoryConfigurationDelegate.java:262] Multiple Spring Data modules found, entering strict repository configuration mode
2024-07-11 14:25:17,005 INFO [restartedMain] o.s.d.r.c.RepositoryConfigurationDelegate [RepositoryConfigurationDelegate.java:132] Bootstrapping Spring Data JPA repositories in DEFAULT mode.
2024-07-11 14:25:17,650 INFO [restartedMain] o.s.d.r.c.RepositoryConfigurationDelegate [RepositoryConfigurationDelegate.java:201] Finished Spring Data repository scanning in 578 ms. Found 3 JPA repository interfaces.
2024-07-11 14:25:17,754 INFO [restartedMain] o.s.d.r.c.RepositoryConfigurationDelegate [RepositoryConfigurationDelegate.java:262] Multiple Spring Data modules found, entering strict repository configuration mode
2024-07-11 14:25:17,761 INFO [restartedMain] o.s.d.r.c.RepositoryConfigurationDelegate [RepositoryConfigurationDelegate.java:132] Bootstrapping Spring Data Redis repositories in DEFAULT mode.
2024-07-11 14:25:17,836 INFO [restartedMain] o.s.d.r.c.RepositoryConfigurationExtensionSupport [RepositoryConfigurationExtensionSupport.java:349] Spring Data Redis - Could not safely identify store assignment for repository candidate interface com.nowcoder.community.repository.StockRepository; If you want this repository to be a Redis repository, consider annotating your entities with one of these annotations: org.springframework.data.redis.core.RedisHash (preferred), or consider extending one of the following types with your repository: org.springframework.data.keyvalue.repository.KeyValueRepository
2024-07-11 14:25:17,836 INFO [restartedMain] o.s.d.r.c.RepositoryConfigurationExtensionSupport [RepositoryConfigurationExtensionSupport.java:349] Spring Data Redis - Could not safely identify store assignment for repository candidate interface com.nowcoder.community.repository.UserRepository; If you want this repository to be a Redis repository, consider annotating your entities with one of these annotations: org.springframework.data.redis.core.RedisHash (preferred), or consider extending one of the following types with your repository: org.springframework.data.keyvalue.repository.KeyValueRepository
2024-07-11 14:25:17,837 INFO [restartedMain] o.s.d.r.c.RepositoryConfigurationExtensionSupport [RepositoryConfigurationExtensionSupport.java:349] Spring Data Redis - Could not safely identify store assignment for repository candidate interface com.nowcoder.community.repository.UserStockRepository; If you want this repository to be a Redis repository, consider annotating your entities with one of these annotations: org.springframework.data.redis.core.RedisHash (preferred), or consider extending one of the following types with your repository: org.springframework.data.keyvalue.repository.KeyValueRepository
2024-07-11 14:25:17,837 INFO [restartedMain] o.s.d.r.c.RepositoryConfigurationDelegate [RepositoryConfigurationDelegate.java:201] Finished Spring Data repository scanning in 20 ms. Found 0 Redis repository interfaces.
2024-07-11 14:25:23,642 INFO [restartedMain] o.s.b.w.e.t.TomcatWebServer [TomcatWebServer.java:108] Tomcat initialized with port(s): 8080 (http)
2024-07-11 14:25:23,716 INFO [restartedMain] o.a.c.h.Http11NioProtocol [DirectJDKLog.java:173] Initializing ProtocolHandler ["http-nio-8080"]
2024-07-11 14:25:23,716 INFO [restartedMain] o.a.c.c.StandardService [DirectJDKLog.java:173] Starting service [Tomcat]
2024-07-11 14:25:23,716 INFO [restartedMain] o.a.c.c.StandardEngine [DirectJDKLog.java:173] Starting Servlet engine: [Apache Tomcat/9.0.68]
2024-07-11 14:25:24,146 INFO [restartedMain] o.a.c.c.C.[.[.[/community] [DirectJDKLog.java:173] Initializing Spring embedded WebApplicationContext
2024-07-11 14:25:24,146 INFO [restartedMain] o.s.b.w.s.c.ServletWebServerApplicationContext [ServletWebServerApplicationContext.java:292] Root WebApplicationContext: initialization completed in 17656 ms
2024-07-11 14:25:25,486 INFO [restartedMain] c.z.h.HikariDataSource [HikariDataSource.java:95] HikariPool-1 - Starting...
2024-07-11 14:25:26,355 INFO [restartedMain] c.z.h.HikariDataSource [HikariDataSource.java:107] HikariPool-1 - Start completed.
2024-07-11 14:25:26,607 INFO [restartedMain] o.h.j.i.u.LogHelper [LogHelper.java:31] HHH000204: Processing PersistenceUnitInfo [name: default]
2024-07-11 14:25:27,122 INFO [restartedMain] o.h.Version [Version.java:44] HHH000412: Hibernate ORM core version 5.6.12.Final
2024-07-11 14:25:28,608 INFO [restartedMain] o.h.a.c.Version [JavaReflectionManager.java:56] HCANN000001: Hibernate Commons Annotations {5.1.2.Final}
2024-07-11 14:25:29,890 INFO [restartedMain] o.h.d.Dialect [Dialect.java:175] HHH000400: Using dialect: org.hibernate.dialect.MySQL8Dialect
2024-07-11 14:25:34,658 INFO [restartedMain] o.h.e.t.j.p.i.JtaPlatformInitiator [JtaPlatformInitiator.java:52] HHH000490: Using JtaPlatform implementation: [org.hibernate.engine.transaction.jta.platform.internal.NoJtaPlatform]
2024-07-11 14:25:34,766 INFO [restartedMain] o.s.o.j.LocalContainerEntityManagerFactoryBean [AbstractEntityManagerFactoryBean.java:437] Initialized JPA EntityManagerFactory for persistence unit 'default'
2024-07-11 14:25:41,828 INFO [restartedMain] o.s.b.a.w.s.WelcomePageHandlerMapping [WelcomePageHandlerMapping.java:57] Adding welcome page template: index
2024-07-11 14:25:55,485 INFO [restartedMain] o.s.b.d.a.OptionalLiveReloadServer [OptionalLiveReloadServer.java:59] LiveReload server is running on port 35729
2024-07-11 14:25:55,992 INFO [restartedMain] o.a.k.c.c.ConsumerConfig [AbstractConfig.java:376] ConsumerConfig values: 
	allow.auto.create.topics = true
	auto.commit.interval.ms = 3000
	auto.offset.reset = latest
	bootstrap.servers = [localhost:9092]
	check.crcs = true
	client.dns.lookup = use_all_dns_ips
	client.id = consumer-test-1
	client.rack = 
	connections.max.idle.ms = 540000
	default.api.timeout.ms = 60000
	enable.auto.commit = true
	exclude.internal.topics = true
	fetch.max.bytes = 52428800
	fetch.max.wait.ms = 500
	fetch.min.bytes = 1
	group.id = test
	group.instance.id = null
	heartbeat.interval.ms = 3000
	interceptor.classes = []
	internal.leave.group.on.close = true
	internal.throw.on.fetch.stable.offset.unsupported = false
	isolation.level = read_uncommitted
	key.deserializer = class org.apache.kafka.common.serialization.StringDeserializer
	max.partition.fetch.bytes = 1048576
	max.poll.interval.ms = 300000
	max.poll.records = 500
	metadata.max.age.ms = 300000
	metric.reporters = []
	metrics.num.samples = 2
	metrics.recording.level = INFO
	metrics.sample.window.ms = 30000
	partition.assignment.strategy = [class org.apache.kafka.clients.consumer.RangeAssignor, class org.apache.kafka.clients.consumer.CooperativeStickyAssignor]
	receive.buffer.bytes = 65536
	reconnect.backoff.max.ms = 1000
	reconnect.backoff.ms = 50
	request.timeout.ms = 30000
	retry.backoff.ms = 100
	sasl.client.callback.handler.class = null
	sasl.jaas.config = null
	sasl.kerberos.kinit.cmd = /usr/bin/kinit
	sasl.kerberos.min.time.before.relogin = 60000
	sasl.kerberos.service.name = null
	sasl.kerberos.ticket.renew.jitter = 0.05
	sasl.kerberos.ticket.renew.window.factor = 0.8
	sasl.login.callback.handler.class = null
	sasl.login.class = null
	sasl.login.connect.timeout.ms = null
	sasl.login.read.timeout.ms = null
	sasl.login.refresh.buffer.seconds = 300
	sasl.login.refresh.min.period.seconds = 60
	sasl.login.refresh.window.factor = 0.8
	sasl.login.refresh.window.jitter = 0.05
	sasl.login.retry.backoff.max.ms = 10000
	sasl.login.retry.backoff.ms = 100
	sasl.mechanism = GSSAPI
	sasl.oauthbearer.clock.skew.seconds = 30
	sasl.oauthbearer.expected.audience = null
	sasl.oauthbearer.expected.issuer = null
	sasl.oauthbearer.jwks.endpoint.refresh.ms = 3600000
	sasl.oauthbearer.jwks.endpoint.retry.backoff.max.ms = 10000
	sasl.oauthbearer.jwks.endpoint.retry.backoff.ms = 100
	sasl.oauthbearer.jwks.endpoint.url = null
	sasl.oauthbearer.scope.claim.name = scope
	sasl.oauthbearer.sub.claim.name = sub
	sasl.oauthbearer.token.endpoint.url = null
	security.protocol = PLAINTEXT
	security.providers = null
	send.buffer.bytes = 131072
	session.timeout.ms = 45000
	socket.connection.setup.timeout.max.ms = 30000
	socket.connection.setup.timeout.ms = 10000
	ssl.cipher.suites = null
	ssl.enabled.protocols = [TLSv1.2, TLSv1.3]
	ssl.endpoint.identification.algorithm = https
	ssl.engine.factory.class = null
	ssl.key.password = null
	ssl.keymanager.algorithm = SunX509
	ssl.keystore.certificate.chain = null
	ssl.keystore.key = null
	ssl.keystore.location = null
	ssl.keystore.password = null
	ssl.keystore.type = JKS
	ssl.protocol = TLSv1.3
	ssl.provider = null
	ssl.secure.random.implementation = null
	ssl.trustmanager.algorithm = PKIX
	ssl.truststore.certificates = null
	ssl.truststore.location = null
	ssl.truststore.password = null
	ssl.truststore.type = JKS
	value.deserializer = class org.apache.kafka.common.serialization.StringDeserializer

2024-07-11 14:25:56,545 INFO [restartedMain] o.a.k.c.u.AppInfoParser [AppInfoParser.java:119] Kafka version: 3.1.2
2024-07-11 14:25:56,546 INFO [restartedMain] o.a.k.c.u.AppInfoParser [AppInfoParser.java:120] Kafka commitId: f8c67dc3ae0a3265
2024-07-11 14:25:56,546 INFO [restartedMain] o.a.k.c.u.AppInfoParser [AppInfoParser.java:121] Kafka startTimeMs: 1720679156526
2024-07-11 14:25:56,559 INFO [restartedMain] o.a.k.c.c.KafkaConsumer [KafkaConsumer.java:966] [Consumer clientId=consumer-test-1, groupId=test] Subscribed to topic(s): comment, like, follow
2024-07-11 14:25:56,642 INFO [restartedMain] o.a.c.h.Http11NioProtocol [DirectJDKLog.java:173] Starting ProtocolHandler ["http-nio-8080"]
2024-07-11 14:25:56,728 INFO [restartedMain] o.s.b.w.e.t.TomcatWebServer [TomcatWebServer.java:220] Tomcat started on port(s): 8080 (http) with context path '/community'
2024-07-11 14:25:56,753 INFO [restartedMain] c.n.c.CommunityApplication [StartupInfoLogger.java:61] Started CommunityApplication in 54.183 seconds (JVM running for 56.881)
2024-07-11 14:25:59,078 INFO [org.springframework.kafka.KafkaListenerEndpointContainer#0-0-C-1] o.a.k.c.Metadata [Metadata.java:287] [Consumer clientId=consumer-test-1, groupId=test] Cluster ID: ytzIoGAfSFqnw9uDINrxzA
2024-07-11 14:25:59,088 INFO [org.springframework.kafka.KafkaListenerEndpointContainer#0-0-C-1] o.a.k.c.c.i.ConsumerCoordinator [AbstractCoordinator.java:853] [Consumer clientId=consumer-test-1, groupId=test] Discovered group coordinator localhost:9092 (id: 2147483647 rack: null)
2024-07-11 14:25:59,096 INFO [org.springframework.kafka.KafkaListenerEndpointContainer#0-0-C-1] o.a.k.c.c.i.ConsumerCoordinator [AbstractCoordinator.java:535] [Consumer clientId=consumer-test-1, groupId=test] (Re-)joining group
2024-07-11 14:25:59,185 INFO [org.springframework.kafka.KafkaListenerEndpointContainer#0-0-C-1] o.a.k.c.c.i.ConsumerCoordinator [AbstractCoordinator.java:1000] [Consumer clientId=consumer-test-1, groupId=test] Request joining group due to: need to re-join with the given member-id
2024-07-11 14:25:59,185 INFO [org.springframework.kafka.KafkaListenerEndpointContainer#0-0-C-1] o.a.k.c.c.i.ConsumerCoordinator [AbstractCoordinator.java:535] [Consumer clientId=consumer-test-1, groupId=test] (Re-)joining group
2024-07-11 14:25:59,206 INFO [org.springframework.kafka.KafkaListenerEndpointContainer#0-0-C-1] o.a.k.c.c.i.ConsumerCoordinator [AbstractCoordinator.java:595] [Consumer clientId=consumer-test-1, groupId=test] Successfully joined group with generation Generation{generationId=111, memberId='consumer-test-1-25c15ce5-eff7-4d55-a532-808c20ba98f2', protocol='range'}
2024-07-11 14:25:59,228 INFO [org.springframework.kafka.KafkaListenerEndpointContainer#0-0-C-1] o.a.k.c.c.i.ConsumerCoordinator [ConsumerCoordinator.java:659] [Consumer clientId=consumer-test-1, groupId=test] Finished assignment for group at generation 111: {consumer-test-1-25c15ce5-eff7-4d55-a532-808c20ba98f2=Assignment(partitions=[like-0, comment-0, follow-0])}
2024-07-11 14:25:59,336 INFO [org.springframework.kafka.KafkaListenerEndpointContainer#0-0-C-1] o.a.k.c.c.i.ConsumerCoordinator [AbstractCoordinator.java:761] [Consumer clientId=consumer-test-1, groupId=test] Successfully synced group in generation Generation{generationId=111, memberId='consumer-test-1-25c15ce5-eff7-4d55-a532-808c20ba98f2', protocol='range'}
2024-07-11 14:25:59,336 INFO [org.springframework.kafka.KafkaListenerEndpointContainer#0-0-C-1] o.a.k.c.c.i.ConsumerCoordinator [ConsumerCoordinator.java:280] [Consumer clientId=consumer-test-1, groupId=test] Notifying assignor about the new Assignment(partitions=[like-0, comment-0, follow-0])
2024-07-11 14:25:59,360 INFO [org.springframework.kafka.KafkaListenerEndpointContainer#0-0-C-1] o.a.k.c.c.i.ConsumerCoordinator [ConsumerCoordinator.java:292] [Consumer clientId=consumer-test-1, groupId=test] Adding newly assigned partitions: comment-0, like-0, follow-0
2024-07-11 14:25:59,403 INFO [org.springframework.kafka.KafkaListenerEndpointContainer#0-0-C-1] o.a.k.c.c.i.ConsumerCoordinator [ConsumerCoordinator.java:851] [Consumer clientId=consumer-test-1, groupId=test] Setting offset for partition comment-0 to the committed offset FetchPosition{offset=0, offsetEpoch=Optional.empty, currentLeader=LeaderAndEpoch{leader=Optional[localhost:9092 (id: 0 rack: null)], epoch=0}}
2024-07-11 14:25:59,403 INFO [org.springframework.kafka.KafkaListenerEndpointContainer#0-0-C-1] o.a.k.c.c.i.ConsumerCoordinator [ConsumerCoordinator.java:851] [Consumer clientId=consumer-test-1, groupId=test] Setting offset for partition like-0 to the committed offset FetchPosition{offset=0, offsetEpoch=Optional.empty, currentLeader=LeaderAndEpoch{leader=Optional[localhost:9092 (id: 0 rack: null)], epoch=0}}
2024-07-11 14:25:59,403 INFO [org.springframework.kafka.KafkaListenerEndpointContainer#0-0-C-1] o.a.k.c.c.i.ConsumerCoordinator [ConsumerCoordinator.java:851] [Consumer clientId=consumer-test-1, groupId=test] Setting offset for partition follow-0 to the committed offset FetchPosition{offset=0, offsetEpoch=Optional.empty, currentLeader=LeaderAndEpoch{leader=Optional[localhost:9092 (id: 0 rack: null)], epoch=0}}
2024-07-11 14:25:59,404 INFO [org.springframework.kafka.KafkaListenerEndpointContainer#0-0-C-1] o.s.k.l.KafkaMessageListenerContainer [LogAccessor.java:292] test: partitions assigned: [comment-0, like-0, follow-0]
2024-07-11 14:27:04,794 INFO [http-nio-8080-exec-2] o.a.c.c.C.[.[.[/community] [DirectJDKLog.java:173] Initializing Spring DispatcherServlet 'dispatcherServlet'
2024-07-11 14:27:04,795 INFO [http-nio-8080-exec-2] o.s.w.s.DispatcherServlet [FrameworkServlet.java:525] Initializing Servlet 'dispatcherServlet'
2024-07-11 14:27:04,798 INFO [http-nio-8080-exec-2] o.s.w.s.DispatcherServlet [FrameworkServlet.java:547] Completed initialization in 2 ms
2024-07-11 14:27:21,325 INFO [http-nio-8080-exec-6] c.n.c.a.ServiceLogAspect [ServiceLogAspect.java:40] 用户[0:0:0:0:0:0:0:1],在[2024-07-11 14:27:21],访问了[com.nowcoder.community.service.UserService.login].
2024-07-11 14:27:22,502 INFO [http-nio-8080-exec-7] c.n.c.a.ServiceLogAspect [ServiceLogAspect.java:40] 用户[0:0:0:0:0:0:0:1],在[2024-07-11 14:27:22],访问了[com.nowcoder.community.service.UserService.findLoginTicket].
2024-07-11 14:27:22,725 INFO [http-nio-8080-exec-7] c.n.c.a.ServiceLogAspect [ServiceLogAspect.java:40] 用户[0:0:0:0:0:0:0:1],在[2024-07-11 14:27:22],访问了[com.nowcoder.community.service.UserService.findUserById].
2024-07-11 14:27:22,839 INFO [http-nio-8080-exec-7] c.n.c.a.ServiceLogAspect [ServiceLogAspect.java:40] 用户[0:0:0:0:0:0:0:1],在[2024-07-11 14:27:22],访问了[com.nowcoder.community.service.DiscussPostService.findDiscussPostRows].
2024-07-11 14:27:23,090 INFO [http-nio-8080-exec-7] c.n.c.a.ServiceLogAspect [ServiceLogAspect.java:40] 用户[0:0:0:0:0:0:0:1],在[2024-07-11 14:27:23],访问了[com.nowcoder.community.service.DiscussPostService.findDiscussPosts].
2024-07-11 14:27:23,109 INFO [http-nio-8080-exec-7] c.n.c.a.ServiceLogAspect [ServiceLogAspect.java:40] 用户[0:0:0:0:0:0:0:1],在[2024-07-11 14:27:23],访问了[com.nowcoder.community.service.UserService.findUserById].
2024-07-11 14:27:23,117 INFO [http-nio-8080-exec-7] c.n.c.a.ServiceLogAspect [ServiceLogAspect.java:40] 用户[0:0:0:0:0:0:0:1],在[2024-07-11 14:27:23],访问了[com.nowcoder.community.service.LikeService.findEntityLikeCount].
2024-07-11 14:27:23,134 INFO [http-nio-8080-exec-7] c.n.c.a.ServiceLogAspect [ServiceLogAspect.java:40] 用户[0:0:0:0:0:0:0:1],在[2024-07-11 14:27:23],访问了[com.nowcoder.community.service.UserService.findUserById].
2024-07-11 14:27:23,147 INFO [http-nio-8080-exec-7] c.n.c.a.ServiceLogAspect [ServiceLogAspect.java:40] 用户[0:0:0:0:0:0:0:1],在[2024-07-11 14:27:23],访问了[com.nowcoder.community.service.LikeService.findEntityLikeCount].
2024-07-11 14:27:23,150 INFO [http-nio-8080-exec-7] c.n.c.a.ServiceLogAspect [ServiceLogAspect.java:40] 用户[0:0:0:0:0:0:0:1],在[2024-07-11 14:27:23],访问了[com.nowcoder.community.service.UserService.findUserById].
2024-07-11 14:27:23,172 INFO [http-nio-8080-exec-7] c.n.c.a.ServiceLogAspect [ServiceLogAspect.java:40] 用户[0:0:0:0:0:0:0:1],在[2024-07-11 14:27:23],访问了[com.nowcoder.community.service.LikeService.findEntityLikeCount].
2024-07-11 14:27:23,174 INFO [http-nio-8080-exec-7] c.n.c.a.ServiceLogAspect [ServiceLogAspect.java:40] 用户[0:0:0:0:0:0:0:1],在[2024-07-11 14:27:23],访问了[com.nowcoder.community.service.UserService.findUserById].
2024-07-11 14:27:23,181 INFO [http-nio-8080-exec-7] c.n.c.a.ServiceLogAspect [ServiceLogAspect.java:40] 用户[0:0:0:0:0:0:0:1],在[2024-07-11 14:27:23],访问了[com.nowcoder.community.service.LikeService.findEntityLikeCount].
2024-07-11 14:27:23,183 INFO [http-nio-8080-exec-7] c.n.c.a.ServiceLogAspect [ServiceLogAspect.java:40] 用户[0:0:0:0:0:0:0:1],在[2024-07-11 14:27:23],访问了[com.nowcoder.community.service.UserService.findUserById].
2024-07-11 14:27:23,184 INFO [http-nio-8080-exec-7] c.n.c.a.ServiceLogAspect [ServiceLogAspect.java:40] 用户[0:0:0:0:0:0:0:1],在[2024-07-11 14:27:23],访问了[com.nowcoder.community.service.LikeService.findEntityLikeCount].
2024-07-11 14:27:23,193 INFO [http-nio-8080-exec-7] c.n.c.a.ServiceLogAspect [ServiceLogAspect.java:40] 用户[0:0:0:0:0:0:0:1],在[2024-07-11 14:27:23],访问了[com.nowcoder.community.service.UserService.findUserById].
2024-07-11 14:27:23,195 INFO [http-nio-8080-exec-7] c.n.c.a.ServiceLogAspect [ServiceLogAspect.java:40] 用户[0:0:0:0:0:0:0:1],在[2024-07-11 14:27:23],访问了[com.nowcoder.community.service.LikeService.findEntityLikeCount].
2024-07-11 14:27:23,197 INFO [http-nio-8080-exec-7] c.n.c.a.ServiceLogAspect [ServiceLogAspect.java:40] 用户[0:0:0:0:0:0:0:1],在[2024-07-11 14:27:23],访问了[com.nowcoder.community.service.UserService.findUserById].
2024-07-11 14:27:23,205 INFO [http-nio-8080-exec-7] c.n.c.a.ServiceLogAspect [ServiceLogAspect.java:40] 用户[0:0:0:0:0:0:0:1],在[2024-07-11 14:27:23],访问了[com.nowcoder.community.service.LikeService.findEntityLikeCount].
2024-07-11 14:27:23,206 INFO [http-nio-8080-exec-7] c.n.c.a.ServiceLogAspect [ServiceLogAspect.java:40] 用户[0:0:0:0:0:0:0:1],在[2024-07-11 14:27:23],访问了[com.nowcoder.community.service.UserService.findUserById].
2024-07-11 14:27:23,211 INFO [http-nio-8080-exec-7] c.n.c.a.ServiceLogAspect [ServiceLogAspect.java:40] 用户[0:0:0:0:0:0:0:1],在[2024-07-11 14:27:23],访问了[com.nowcoder.community.service.LikeService.findEntityLikeCount].
2024-07-11 14:27:23,212 INFO [http-nio-8080-exec-7] c.n.c.a.ServiceLogAspect [ServiceLogAspect.java:40] 用户[0:0:0:0:0:0:0:1],在[2024-07-11 14:27:23],访问了[com.nowcoder.community.service.UserService.findUserById].
2024-07-11 14:27:23,219 INFO [http-nio-8080-exec-7] c.n.c.a.ServiceLogAspect [ServiceLogAspect.java:40] 用户[0:0:0:0:0:0:0:1],在[2024-07-11 14:27:23],访问了[com.nowcoder.community.service.LikeService.findEntityLikeCount].
2024-07-11 14:27:23,220 INFO [http-nio-8080-exec-7] c.n.c.a.ServiceLogAspect [ServiceLogAspect.java:40] 用户[0:0:0:0:0:0:0:1],在[2024-07-11 14:27:23],访问了[com.nowcoder.community.service.UserService.findUserById].
2024-07-11 14:27:23,228 INFO [http-nio-8080-exec-7] c.n.c.a.ServiceLogAspect [ServiceLogAspect.java:40] 用户[0:0:0:0:0:0:0:1],在[2024-07-11 14:27:23],访问了[com.nowcoder.community.service.LikeService.findEntityLikeCount].
2024-07-11 14:27:23,230 INFO [http-nio-8080-exec-7] c.n.c.a.ServiceLogAspect [ServiceLogAspect.java:40] 用户[0:0:0:0:0:0:0:1],在[2024-07-11 14:27:23],访问了[com.nowcoder.community.service.MessageService.findLetterUnreadCount].
2024-07-11 14:27:23,239 INFO [http-nio-8080-exec-7] c.n.c.a.ServiceLogAspect [ServiceLogAspect.java:40] 用户[0:0:0:0:0:0:0:1],在[2024-07-11 14:27:23],访问了[com.nowcoder.community.service.MessageService.findNoticeUnreadCount].
2024-07-11 14:27:55,345 INFO [http-nio-8080-exec-2] c.n.c.a.ServiceLogAspect [ServiceLogAspect.java:40] 用户[0:0:0:0:0:0:0:1],在[2024-07-11 14:27:55],访问了[com.nowcoder.community.service.UserService.findLoginTicket].
2024-07-11 14:27:55,347 INFO [http-nio-8080-exec-2] c.n.c.a.ServiceLogAspect [ServiceLogAspect.java:40] 用户[0:0:0:0:0:0:0:1],在[2024-07-11 14:27:55],访问了[com.nowcoder.community.service.UserService.findUserById].
2024-07-11 14:27:55,349 INFO [http-nio-8080-exec-2] c.n.c.a.ServiceLogAspect [ServiceLogAspect.java:40] 用户[0:0:0:0:0:0:0:1],在[2024-07-11 14:27:55],访问了[com.nowcoder.community.service.TaskService.findTaskCount].
2024-07-11 14:27:55,358 INFO [http-nio-8080-exec-2] c.n.c.a.ServiceLogAspect [ServiceLogAspect.java:40] 用户[0:0:0:0:0:0:0:1],在[2024-07-11 14:27:55],访问了[com.nowcoder.community.service.TaskService.findTasksByUserId].
2024-07-11 14:27:55,372 INFO [http-nio-8080-exec-2] c.n.c.a.ServiceLogAspect [ServiceLogAspect.java:40] 用户[0:0:0:0:0:0:0:1],在[2024-07-11 14:27:55],访问了[com.nowcoder.community.service.MessageService.findLetterUnreadCount].
2024-07-11 14:27:55,375 INFO [http-nio-8080-exec-2] c.n.c.a.ServiceLogAspect [ServiceLogAspect.java:40] 用户[0:0:0:0:0:0:0:1],在[2024-07-11 14:27:55],访问了[com.nowcoder.community.service.MessageService.findNoticeUnreadCount].
2024-07-11 14:29:56,469 INFO [http-nio-8080-exec-10] c.n.c.a.ServiceLogAspect [ServiceLogAspect.java:40] 用户[0:0:0:0:0:0:0:1],在[2024-07-11 14:29:56],访问了[com.nowcoder.community.service.UserService.findLoginTicket].
2024-07-11 14:29:56,470 INFO [http-nio-8080-exec-10] c.n.c.a.ServiceLogAspect [ServiceLogAspect.java:40] 用户[0:0:0:0:0:0:0:1],在[2024-07-11 14:29:56],访问了[com.nowcoder.community.service.UserService.findUserById].
2024-07-11 14:29:56,474 INFO [http-nio-8080-exec-10] c.n.c.a.ServiceLogAspect [ServiceLogAspect.java:40] 用户[0:0:0:0:0:0:0:1],在[2024-07-11 14:29:56],访问了[com.nowcoder.community.service.TaskService.addTask].
2024-07-11 14:29:59,190 INFO [http-nio-8080-exec-2] c.n.c.a.ServiceLogAspect [ServiceLogAspect.java:40] 用户[0:0:0:0:0:0:0:1],在[2024-07-11 14:29:59],访问了[com.nowcoder.community.service.UserService.findLoginTicket].
2024-07-11 14:29:59,191 INFO [http-nio-8080-exec-2] c.n.c.a.ServiceLogAspect [ServiceLogAspect.java:40] 用户[0:0:0:0:0:0:0:1],在[2024-07-11 14:29:59],访问了[com.nowcoder.community.service.UserService.findUserById].
2024-07-11 14:29:59,193 INFO [http-nio-8080-exec-2] c.n.c.a.ServiceLogAspect [ServiceLogAspect.java:40] 用户[0:0:0:0:0:0:0:1],在[2024-07-11 14:29:59],访问了[com.nowcoder.community.service.TaskService.findTaskCount].
2024-07-11 14:29:59,200 INFO [http-nio-8080-exec-2] c.n.c.a.ServiceLogAspect [ServiceLogAspect.java:40] 用户[0:0:0:0:0:0:0:1],在[2024-07-11 14:29:59],访问了[com.nowcoder.community.service.TaskService.findTasksByUserId].
2024-07-11 14:29:59,204 INFO [http-nio-8080-exec-2] c.n.c.a.ServiceLogAspect [ServiceLogAspect.java:40] 用户[0:0:0:0:0:0:0:1],在[2024-07-11 14:29:59],访问了[com.nowcoder.community.service.MessageService.findLetterUnreadCount].
2024-07-11 14:29:59,206 INFO [http-nio-8080-exec-2] c.n.c.a.ServiceLogAspect [ServiceLogAspect.java:40] 用户[0:0:0:0:0:0:0:1],在[2024-07-11 14:29:59],访问了[com.nowcoder.community.service.MessageService.findNoticeUnreadCount].
2024-07-11 14:30:00,797 INFO [http-nio-8080-exec-9] c.n.c.a.ServiceLogAspect [ServiceLogAspect.java:40] 用户[0:0:0:0:0:0:0:1],在[2024-07-11 14:30:00],访问了[com.nowcoder.community.service.UserService.findLoginTicket].
2024-07-11 14:30:00,799 INFO [http-nio-8080-exec-9] c.n.c.a.ServiceLogAspect [ServiceLogAspect.java:40] 用户[0:0:0:0:0:0:0:1],在[2024-07-11 14:30:00],访问了[com.nowcoder.community.service.UserService.findUserById].
2024-07-11 14:30:00,847 INFO [http-nio-8080-exec-9] c.n.c.a.ServiceLogAspect [ServiceLogAspect.java:40] 用户[0:0:0:0:0:0:0:1],在[2024-07-11 14:30:00],访问了[com.nowcoder.community.service.TaskService.findTaskById].
2024-07-11 14:30:00,861 INFO [http-nio-8080-exec-9] c.n.c.a.ServiceLogAspect [ServiceLogAspect.java:40] 用户[0:0:0:0:0:0:0:1],在[2024-07-11 14:30:00],访问了[com.nowcoder.community.service.TaskService.executeScript].
2024-07-11 14:30:15,156 INFO [http-nio-8080-exec-6] c.n.c.a.ServiceLogAspect [ServiceLogAspect.java:40] 用户[0:0:0:0:0:0:0:1],在[2024-07-11 14:30:15],访问了[com.nowcoder.community.service.UserService.findLoginTicket].
2024-07-11 14:30:15,157 INFO [http-nio-8080-exec-6] c.n.c.a.ServiceLogAspect [ServiceLogAspect.java:40] 用户[0:0:0:0:0:0:0:1],在[2024-07-11 14:30:15],访问了[com.nowcoder.community.service.UserService.findUserById].
2024-07-11 14:30:15,230 INFO [http-nio-8080-exec-6] c.n.c.a.ServiceLogAspect [ServiceLogAspect.java:40] 用户[0:0:0:0:0:0:0:1],在[2024-07-11 14:30:15],访问了[com.nowcoder.community.service.MessageService.findLetterUnreadCount].
2024-07-11 14:30:15,233 INFO [http-nio-8080-exec-6] c.n.c.a.ServiceLogAspect [ServiceLogAspect.java:40] 用户[0:0:0:0:0:0:0:1],在[2024-07-11 14:30:15],访问了[com.nowcoder.community.service.MessageService.findNoticeUnreadCount].
2024-07-11 14:34:59,501 INFO [org.springframework.kafka.KafkaListenerEndpointContainer#0-0-C-1] o.a.k.c.NetworkClient [NetworkClient.java:935] [Consumer clientId=consumer-test-1, groupId=test] Node -1 disconnected.
2024-07-11 15:08:20,837 INFO [org.springframework.kafka.KafkaListenerEndpointContainer#0-0-C-1] o.a.k.c.c.i.ConsumerCoordinator [ConsumerCoordinator.java:311] [Consumer clientId=consumer-test-1, groupId=test] Revoke previously assigned partitions comment-0, like-0, follow-0
2024-07-11 15:08:20,838 INFO [org.springframework.kafka.KafkaListenerEndpointContainer#0-0-C-1] o.s.k.l.KafkaMessageListenerContainer [LogAccessor.java:292] test: partitions revoked: [comment-0, like-0, follow-0]
2024-07-11 15:08:20,838 INFO [org.springframework.kafka.KafkaListenerEndpointContainer#0-0-C-1] o.a.k.c.c.i.ConsumerCoordinator [AbstractCoordinator.java:1060] [Consumer clientId=consumer-test-1, groupId=test] Member consumer-test-1-25c15ce5-eff7-4d55-a532-808c20ba98f2 sending LeaveGroup request to coordinator localhost:9092 (id: 2147483647 rack: null) due to the consumer unsubscribed from all topics
2024-07-11 15:08:20,853 INFO [org.springframework.kafka.KafkaListenerEndpointContainer#0-0-C-1] o.a.k.c.c.i.ConsumerCoordinator [AbstractCoordinator.java:972] [Consumer clientId=consumer-test-1, groupId=test] Resetting generation due to: consumer pro-actively leaving the group
2024-07-11 15:08:20,853 INFO [org.springframework.kafka.KafkaListenerEndpointContainer#0-0-C-1] o.a.k.c.c.i.ConsumerCoordinator [AbstractCoordinator.java:1000] [Consumer clientId=consumer-test-1, groupId=test] Request joining group due to: consumer pro-actively leaving the group
2024-07-11 15:08:20,854 INFO [org.springframework.kafka.KafkaListenerEndpointContainer#0-0-C-1] o.a.k.c.c.KafkaConsumer [KafkaConsumer.java:1075] [Consumer clientId=consumer-test-1, groupId=test] Unsubscribed all topics or patterns and assigned partitions
2024-07-11 15:08:20,854 INFO [org.springframework.kafka.KafkaListenerEndpointContainer#0-0-C-1] o.a.k.c.c.i.ConsumerCoordinator [AbstractCoordinator.java:972] [Consumer clientId=consumer-test-1, groupId=test] Resetting generation due to: consumer pro-actively leaving the group
2024-07-11 15:08:20,854 INFO [org.springframework.kafka.KafkaListenerEndpointContainer#0-0-C-1] o.a.k.c.c.i.ConsumerCoordinator [AbstractCoordinator.java:1000] [Consumer clientId=consumer-test-1, groupId=test] Request joining group due to: consumer pro-actively leaving the group
2024-07-11 15:08:20,874 INFO [org.springframework.kafka.KafkaListenerEndpointContainer#0-0-C-1] o.a.k.c.m.Metrics [Metrics.java:659] Metrics scheduler closed
2024-07-11 15:08:20,874 INFO [org.springframework.kafka.KafkaListenerEndpointContainer#0-0-C-1] o.a.k.c.m.Metrics [Metrics.java:663] Closing reporter org.apache.kafka.common.metrics.JmxReporter
2024-07-11 15:08:20,874 INFO [org.springframework.kafka.KafkaListenerEndpointContainer#0-0-C-1] o.a.k.c.m.Metrics [Metrics.java:669] Metrics reporters closed
2024-07-11 15:08:20,877 INFO [org.springframework.kafka.KafkaListenerEndpointContainer#0-0-C-1] o.a.k.c.u.AppInfoParser [AppInfoParser.java:83] App info kafka.consumer for consumer-test-1 unregistered
2024-07-11 15:08:20,878 INFO [org.springframework.kafka.KafkaListenerEndpointContainer#0-0-C-1] o.s.k.l.KafkaMessageListenerContainer [LogAccessor.java:292] test: Consumer stopped
2024-07-11 15:08:24,191 INFO [SpringApplicationShutdownHook] o.s.o.j.LocalContainerEntityManagerFactoryBean [AbstractEntityManagerFactoryBean.java:651] Closing JPA EntityManagerFactory for persistence unit 'default'
2024-07-11 15:08:24,213 INFO [SpringApplicationShutdownHook] c.z.h.HikariDataSource [HikariDataSource.java:347] HikariPool-1 - Shutdown initiated...
2024-07-11 15:08:24,216 INFO [SpringApplicationShutdownHook] c.z.h.HikariDataSource [HikariDataSource.java:349] HikariPool-1 - Shutdown completed.
2024-07-11 15:16:56,559 INFO [restartedMain] c.n.c.CommunityApplication [StartupInfoLogger.java:55] Starting CommunityApplication using Java 17.0.11 on LAPTOP-MN5CB8EN with PID 42648 (D:\community1\community\target\classes started by QL in D:\community1\community)
2024-07-11 15:16:56,565 INFO [restartedMain] c.n.c.CommunityApplication [SpringApplication.java:634] No active profile set, falling back to 1 default profile: "default"
2024-07-11 15:16:56,959 INFO [restartedMain] o.s.b.d.e.DevToolsPropertyDefaultsPostProcessor [DeferredLog.java:255] Devtools property defaults active! Set 'spring.devtools.add-properties' to 'false' to disable
2024-07-11 15:16:56,959 INFO [restartedMain] o.s.b.d.e.DevToolsPropertyDefaultsPostProcessor [DeferredLog.java:255] For additional web related logging consider setting the 'logging.level.web' property to 'DEBUG'
2024-07-11 15:17:05,127 INFO [restartedMain] o.s.d.r.c.RepositoryConfigurationDelegate [RepositoryConfigurationDelegate.java:262] Multiple Spring Data modules found, entering strict repository configuration mode
2024-07-11 15:17:05,127 INFO [restartedMain] o.s.d.r.c.RepositoryConfigurationDelegate [RepositoryConfigurationDelegate.java:132] Bootstrapping Spring Data JPA repositories in DEFAULT mode.
2024-07-11 15:17:05,858 INFO [restartedMain] o.s.d.r.c.RepositoryConfigurationDelegate [RepositoryConfigurationDelegate.java:201] Finished Spring Data repository scanning in 656 ms. Found 3 JPA repository interfaces.
2024-07-11 15:17:05,977 INFO [restartedMain] o.s.d.r.c.RepositoryConfigurationDelegate [RepositoryConfigurationDelegate.java:262] Multiple Spring Data modules found, entering strict repository configuration mode
2024-07-11 15:17:05,985 INFO [restartedMain] o.s.d.r.c.RepositoryConfigurationDelegate [RepositoryConfigurationDelegate.java:132] Bootstrapping Spring Data Redis repositories in DEFAULT mode.
2024-07-11 15:17:06,071 INFO [restartedMain] o.s.d.r.c.RepositoryConfigurationExtensionSupport [RepositoryConfigurationExtensionSupport.java:349] Spring Data Redis - Could not safely identify store assignment for repository candidate interface com.nowcoder.community.repository.StockRepository; If you want this repository to be a Redis repository, consider annotating your entities with one of these annotations: org.springframework.data.redis.core.RedisHash (preferred), or consider extending one of the following types with your repository: org.springframework.data.keyvalue.repository.KeyValueRepository
2024-07-11 15:17:06,074 INFO [restartedMain] o.s.d.r.c.RepositoryConfigurationExtensionSupport [RepositoryConfigurationExtensionSupport.java:349] Spring Data Redis - Could not safely identify store assignment for repository candidate interface com.nowcoder.community.repository.UserRepository; If you want this repository to be a Redis repository, consider annotating your entities with one of these annotations: org.springframework.data.redis.core.RedisHash (preferred), or consider extending one of the following types with your repository: org.springframework.data.keyvalue.repository.KeyValueRepository
2024-07-11 15:17:06,075 INFO [restartedMain] o.s.d.r.c.RepositoryConfigurationExtensionSupport [RepositoryConfigurationExtensionSupport.java:349] Spring Data Redis - Could not safely identify store assignment for repository candidate interface com.nowcoder.community.repository.UserStockRepository; If you want this repository to be a Redis repository, consider annotating your entities with one of these annotations: org.springframework.data.redis.core.RedisHash (preferred), or consider extending one of the following types with your repository: org.springframework.data.keyvalue.repository.KeyValueRepository
2024-07-11 15:17:06,075 INFO [restartedMain] o.s.d.r.c.RepositoryConfigurationDelegate [RepositoryConfigurationDelegate.java:201] Finished Spring Data repository scanning in 23 ms. Found 0 Redis repository interfaces.
2024-07-11 15:17:13,075 INFO [restartedMain] o.s.b.w.e.t.TomcatWebServer [TomcatWebServer.java:108] Tomcat initialized with port(s): 8080 (http)
2024-07-11 15:17:13,163 INFO [restartedMain] o.a.c.h.Http11NioProtocol [DirectJDKLog.java:173] Initializing ProtocolHandler ["http-nio-8080"]
2024-07-11 15:17:13,164 INFO [restartedMain] o.a.c.c.StandardService [DirectJDKLog.java:173] Starting service [Tomcat]
2024-07-11 15:17:13,164 INFO [restartedMain] o.a.c.c.StandardEngine [DirectJDKLog.java:173] Starting Servlet engine: [Apache Tomcat/9.0.68]
2024-07-11 15:17:13,714 INFO [restartedMain] o.a.c.c.C.[.[.[/community] [DirectJDKLog.java:173] Initializing Spring embedded WebApplicationContext
2024-07-11 15:17:13,715 INFO [restartedMain] o.s.b.w.s.c.ServletWebServerApplicationContext [ServletWebServerApplicationContext.java:292] Root WebApplicationContext: initialization completed in 16751 ms
2024-07-11 15:17:15,120 INFO [restartedMain] c.z.h.HikariDataSource [HikariDataSource.java:95] HikariPool-1 - Starting...
2024-07-11 15:17:16,035 INFO [restartedMain] c.z.h.HikariDataSource [HikariDataSource.java:107] HikariPool-1 - Start completed.
2024-07-11 15:17:16,320 INFO [restartedMain] o.h.j.i.u.LogHelper [LogHelper.java:31] HHH000204: Processing PersistenceUnitInfo [name: default]
2024-07-11 15:17:16,921 INFO [restartedMain] o.h.Version [Version.java:44] HHH000412: Hibernate ORM core version 5.6.12.Final
2024-07-11 15:17:18,694 INFO [restartedMain] o.h.a.c.Version [JavaReflectionManager.java:56] HCANN000001: Hibernate Commons Annotations {5.1.2.Final}
2024-07-11 15:17:20,131 INFO [restartedMain] o.h.d.Dialect [Dialect.java:175] HHH000400: Using dialect: org.hibernate.dialect.MySQL8Dialect
2024-07-11 15:17:27,063 INFO [restartedMain] o.h.e.t.j.p.i.JtaPlatformInitiator [JtaPlatformInitiator.java:52] HHH000490: Using JtaPlatform implementation: [org.hibernate.engine.transaction.jta.platform.internal.NoJtaPlatform]
2024-07-11 15:17:27,228 INFO [restartedMain] o.s.o.j.LocalContainerEntityManagerFactoryBean [AbstractEntityManagerFactoryBean.java:437] Initialized JPA EntityManagerFactory for persistence unit 'default'
2024-07-11 15:17:38,497 INFO [restartedMain] o.s.b.a.w.s.WelcomePageHandlerMapping [WelcomePageHandlerMapping.java:57] Adding welcome page template: index
2024-07-11 15:18:00,121 INFO [restartedMain] o.s.b.d.a.OptionalLiveReloadServer [OptionalLiveReloadServer.java:59] LiveReload server is running on port 35729
2024-07-11 15:18:00,669 INFO [restartedMain] o.a.k.c.c.ConsumerConfig [AbstractConfig.java:376] ConsumerConfig values: 
	allow.auto.create.topics = true
	auto.commit.interval.ms = 3000
	auto.offset.reset = latest
	bootstrap.servers = [localhost:9092]
	check.crcs = true
	client.dns.lookup = use_all_dns_ips
	client.id = consumer-test-1
	client.rack = 
	connections.max.idle.ms = 540000
	default.api.timeout.ms = 60000
	enable.auto.commit = true
	exclude.internal.topics = true
	fetch.max.bytes = 52428800
	fetch.max.wait.ms = 500
	fetch.min.bytes = 1
	group.id = test
	group.instance.id = null
	heartbeat.interval.ms = 3000
	interceptor.classes = []
	internal.leave.group.on.close = true
	internal.throw.on.fetch.stable.offset.unsupported = false
	isolation.level = read_uncommitted
	key.deserializer = class org.apache.kafka.common.serialization.StringDeserializer
	max.partition.fetch.bytes = 1048576
	max.poll.interval.ms = 300000
	max.poll.records = 500
	metadata.max.age.ms = 300000
	metric.reporters = []
	metrics.num.samples = 2
	metrics.recording.level = INFO
	metrics.sample.window.ms = 30000
	partition.assignment.strategy = [class org.apache.kafka.clients.consumer.RangeAssignor, class org.apache.kafka.clients.consumer.CooperativeStickyAssignor]
	receive.buffer.bytes = 65536
	reconnect.backoff.max.ms = 1000
	reconnect.backoff.ms = 50
	request.timeout.ms = 30000
	retry.backoff.ms = 100
	sasl.client.callback.handler.class = null
	sasl.jaas.config = null
	sasl.kerberos.kinit.cmd = /usr/bin/kinit
	sasl.kerberos.min.time.before.relogin = 60000
	sasl.kerberos.service.name = null
	sasl.kerberos.ticket.renew.jitter = 0.05
	sasl.kerberos.ticket.renew.window.factor = 0.8
	sasl.login.callback.handler.class = null
	sasl.login.class = null
	sasl.login.connect.timeout.ms = null
	sasl.login.read.timeout.ms = null
	sasl.login.refresh.buffer.seconds = 300
	sasl.login.refresh.min.period.seconds = 60
	sasl.login.refresh.window.factor = 0.8
	sasl.login.refresh.window.jitter = 0.05
	sasl.login.retry.backoff.max.ms = 10000
	sasl.login.retry.backoff.ms = 100
	sasl.mechanism = GSSAPI
	sasl.oauthbearer.clock.skew.seconds = 30
	sasl.oauthbearer.expected.audience = null
	sasl.oauthbearer.expected.issuer = null
	sasl.oauthbearer.jwks.endpoint.refresh.ms = 3600000
	sasl.oauthbearer.jwks.endpoint.retry.backoff.max.ms = 10000
	sasl.oauthbearer.jwks.endpoint.retry.backoff.ms = 100
	sasl.oauthbearer.jwks.endpoint.url = null
	sasl.oauthbearer.scope.claim.name = scope
	sasl.oauthbearer.sub.claim.name = sub
	sasl.oauthbearer.token.endpoint.url = null
	security.protocol = PLAINTEXT
	security.providers = null
	send.buffer.bytes = 131072
	session.timeout.ms = 45000
	socket.connection.setup.timeout.max.ms = 30000
	socket.connection.setup.timeout.ms = 10000
	ssl.cipher.suites = null
	ssl.enabled.protocols = [TLSv1.2, TLSv1.3]
	ssl.endpoint.identification.algorithm = https
	ssl.engine.factory.class = null
	ssl.key.password = null
	ssl.keymanager.algorithm = SunX509
	ssl.keystore.certificate.chain = null
	ssl.keystore.key = null
	ssl.keystore.location = null
	ssl.keystore.password = null
	ssl.keystore.type = JKS
	ssl.protocol = TLSv1.3
	ssl.provider = null
	ssl.secure.random.implementation = null
	ssl.trustmanager.algorithm = PKIX
	ssl.truststore.certificates = null
	ssl.truststore.location = null
	ssl.truststore.password = null
	ssl.truststore.type = JKS
	value.deserializer = class org.apache.kafka.common.serialization.StringDeserializer

2024-07-11 15:18:01,285 INFO [restartedMain] o.a.k.c.u.AppInfoParser [AppInfoParser.java:119] Kafka version: 3.1.2
2024-07-11 15:18:01,286 INFO [restartedMain] o.a.k.c.u.AppInfoParser [AppInfoParser.java:120] Kafka commitId: f8c67dc3ae0a3265
2024-07-11 15:18:01,286 INFO [restartedMain] o.a.k.c.u.AppInfoParser [AppInfoParser.java:121] Kafka startTimeMs: 1720682281266
2024-07-11 15:18:01,302 INFO [restartedMain] o.a.k.c.c.KafkaConsumer [KafkaConsumer.java:966] [Consumer clientId=consumer-test-1, groupId=test] Subscribed to topic(s): comment, like, follow
2024-07-11 15:18:01,394 INFO [restartedMain] o.a.c.h.Http11NioProtocol [DirectJDKLog.java:173] Starting ProtocolHandler ["http-nio-8080"]
2024-07-11 15:18:01,519 INFO [restartedMain] o.s.b.w.e.t.TomcatWebServer [TomcatWebServer.java:220] Tomcat started on port(s): 8080 (http) with context path '/community'
2024-07-11 15:18:01,544 INFO [restartedMain] c.n.c.CommunityApplication [StartupInfoLogger.java:61] Started CommunityApplication in 68.683 seconds (JVM running for 71.256)
2024-07-11 15:18:04,867 INFO [org.springframework.kafka.KafkaListenerEndpointContainer#0-0-C-1] o.a.k.c.Metadata [Metadata.java:287] [Consumer clientId=consumer-test-1, groupId=test] Cluster ID: ytzIoGAfSFqnw9uDINrxzA
2024-07-11 15:18:04,887 INFO [org.springframework.kafka.KafkaListenerEndpointContainer#0-0-C-1] o.a.k.c.c.i.ConsumerCoordinator [AbstractCoordinator.java:853] [Consumer clientId=consumer-test-1, groupId=test] Discovered group coordinator localhost:9092 (id: 2147483647 rack: null)
2024-07-11 15:18:04,899 INFO [org.springframework.kafka.KafkaListenerEndpointContainer#0-0-C-1] o.a.k.c.c.i.ConsumerCoordinator [AbstractCoordinator.java:535] [Consumer clientId=consumer-test-1, groupId=test] (Re-)joining group
2024-07-11 15:18:04,977 INFO [org.springframework.kafka.KafkaListenerEndpointContainer#0-0-C-1] o.a.k.c.c.i.ConsumerCoordinator [AbstractCoordinator.java:1000] [Consumer clientId=consumer-test-1, groupId=test] Request joining group due to: need to re-join with the given member-id
2024-07-11 15:18:04,977 INFO [org.springframework.kafka.KafkaListenerEndpointContainer#0-0-C-1] o.a.k.c.c.i.ConsumerCoordinator [AbstractCoordinator.java:535] [Consumer clientId=consumer-test-1, groupId=test] (Re-)joining group
2024-07-11 15:18:04,984 INFO [org.springframework.kafka.KafkaListenerEndpointContainer#0-0-C-1] o.a.k.c.c.i.ConsumerCoordinator [AbstractCoordinator.java:595] [Consumer clientId=consumer-test-1, groupId=test] Successfully joined group with generation Generation{generationId=113, memberId='consumer-test-1-bca5e12d-0548-4984-a36d-dbf1583a930c', protocol='range'}
2024-07-11 15:18:05,010 INFO [org.springframework.kafka.KafkaListenerEndpointContainer#0-0-C-1] o.a.k.c.c.i.ConsumerCoordinator [ConsumerCoordinator.java:659] [Consumer clientId=consumer-test-1, groupId=test] Finished assignment for group at generation 113: {consumer-test-1-bca5e12d-0548-4984-a36d-dbf1583a930c=Assignment(partitions=[like-0, comment-0, follow-0])}
2024-07-11 15:18:05,062 INFO [org.springframework.kafka.KafkaListenerEndpointContainer#0-0-C-1] o.a.k.c.c.i.ConsumerCoordinator [AbstractCoordinator.java:761] [Consumer clientId=consumer-test-1, groupId=test] Successfully synced group in generation Generation{generationId=113, memberId='consumer-test-1-bca5e12d-0548-4984-a36d-dbf1583a930c', protocol='range'}
2024-07-11 15:18:05,062 INFO [org.springframework.kafka.KafkaListenerEndpointContainer#0-0-C-1] o.a.k.c.c.i.ConsumerCoordinator [ConsumerCoordinator.java:280] [Consumer clientId=consumer-test-1, groupId=test] Notifying assignor about the new Assignment(partitions=[like-0, comment-0, follow-0])
2024-07-11 15:18:05,087 INFO [org.springframework.kafka.KafkaListenerEndpointContainer#0-0-C-1] o.a.k.c.c.i.ConsumerCoordinator [ConsumerCoordinator.java:292] [Consumer clientId=consumer-test-1, groupId=test] Adding newly assigned partitions: comment-0, like-0, follow-0
2024-07-11 15:18:05,136 INFO [org.springframework.kafka.KafkaListenerEndpointContainer#0-0-C-1] o.a.k.c.c.i.ConsumerCoordinator [ConsumerCoordinator.java:851] [Consumer clientId=consumer-test-1, groupId=test] Setting offset for partition comment-0 to the committed offset FetchPosition{offset=0, offsetEpoch=Optional.empty, currentLeader=LeaderAndEpoch{leader=Optional[localhost:9092 (id: 0 rack: null)], epoch=0}}
2024-07-11 15:18:05,137 INFO [org.springframework.kafka.KafkaListenerEndpointContainer#0-0-C-1] o.a.k.c.c.i.ConsumerCoordinator [ConsumerCoordinator.java:851] [Consumer clientId=consumer-test-1, groupId=test] Setting offset for partition like-0 to the committed offset FetchPosition{offset=0, offsetEpoch=Optional.empty, currentLeader=LeaderAndEpoch{leader=Optional[localhost:9092 (id: 0 rack: null)], epoch=0}}
2024-07-11 15:18:05,137 INFO [org.springframework.kafka.KafkaListenerEndpointContainer#0-0-C-1] o.a.k.c.c.i.ConsumerCoordinator [ConsumerCoordinator.java:851] [Consumer clientId=consumer-test-1, groupId=test] Setting offset for partition follow-0 to the committed offset FetchPosition{offset=0, offsetEpoch=Optional.empty, currentLeader=LeaderAndEpoch{leader=Optional[localhost:9092 (id: 0 rack: null)], epoch=0}}
2024-07-11 15:18:05,137 INFO [org.springframework.kafka.KafkaListenerEndpointContainer#0-0-C-1] o.s.k.l.KafkaMessageListenerContainer [LogAccessor.java:292] test: partitions assigned: [comment-0, like-0, follow-0]
2024-07-11 15:18:07,265 INFO [http-nio-8080-exec-3] o.a.c.c.C.[.[.[/community] [DirectJDKLog.java:173] Initializing Spring DispatcherServlet 'dispatcherServlet'
2024-07-11 15:18:07,265 INFO [http-nio-8080-exec-3] o.s.w.s.DispatcherServlet [FrameworkServlet.java:525] Initializing Servlet 'dispatcherServlet'
2024-07-11 15:18:07,268 INFO [http-nio-8080-exec-3] o.s.w.s.DispatcherServlet [FrameworkServlet.java:547] Completed initialization in 1 ms
2024-07-11 15:18:07,495 INFO [http-nio-8080-exec-3] c.n.c.a.ServiceLogAspect [ServiceLogAspect.java:40] 用户[0:0:0:0:0:0:0:1],在[2024-07-11 15:18:07],访问了[com.nowcoder.community.service.UserService.findLoginTicket].
2024-07-11 15:18:11,019 INFO [http-nio-8080-exec-3] c.n.c.a.ServiceLogAspect [ServiceLogAspect.java:40] 用户[0:0:0:0:0:0:0:1],在[2024-07-11 15:18:11],访问了[com.nowcoder.community.service.UserService.findUserById].
2024-07-11 15:18:11,470 INFO [http-nio-8080-exec-3] c.n.c.a.ServiceLogAspect [ServiceLogAspect.java:40] 用户[0:0:0:0:0:0:0:1],在[2024-07-11 15:18:11],访问了[com.nowcoder.community.service.TaskService.findTaskCount].
2024-07-11 15:18:12,188 INFO [http-nio-8080-exec-3] c.n.c.a.ServiceLogAspect [ServiceLogAspect.java:40] 用户[0:0:0:0:0:0:0:1],在[2024-07-11 15:18:12],访问了[com.nowcoder.community.service.TaskService.findTasksByUserId].
2024-07-11 15:18:12,287 INFO [http-nio-8080-exec-3] c.n.c.a.ServiceLogAspect [ServiceLogAspect.java:40] 用户[0:0:0:0:0:0:0:1],在[2024-07-11 15:18:12],访问了[com.nowcoder.community.service.MessageService.findLetterUnreadCount].
2024-07-11 15:18:12,540 INFO [http-nio-8080-exec-3] c.n.c.a.ServiceLogAspect [ServiceLogAspect.java:40] 用户[0:0:0:0:0:0:0:1],在[2024-07-11 15:18:12],访问了[com.nowcoder.community.service.MessageService.findNoticeUnreadCount].
2024-07-11 15:18:38,424 INFO [http-nio-8080-exec-6] c.n.c.a.ServiceLogAspect [ServiceLogAspect.java:40] 用户[0:0:0:0:0:0:0:1],在[2024-07-11 15:18:38],访问了[com.nowcoder.community.service.UserService.findLoginTicket].
2024-07-11 15:18:38,425 INFO [http-nio-8080-exec-6] c.n.c.a.ServiceLogAspect [ServiceLogAspect.java:40] 用户[0:0:0:0:0:0:0:1],在[2024-07-11 15:18:38],访问了[com.nowcoder.community.service.UserService.findUserById].
2024-07-11 15:18:38,450 INFO [http-nio-8080-exec-6] c.n.c.a.ServiceLogAspect [ServiceLogAspect.java:40] 用户[0:0:0:0:0:0:0:1],在[2024-07-11 15:18:38],访问了[com.nowcoder.community.service.TaskService.addTask].
2024-07-11 15:18:41,291 INFO [http-nio-8080-exec-7] c.n.c.a.ServiceLogAspect [ServiceLogAspect.java:40] 用户[0:0:0:0:0:0:0:1],在[2024-07-11 15:18:41],访问了[com.nowcoder.community.service.UserService.findLoginTicket].
2024-07-11 15:18:41,294 INFO [http-nio-8080-exec-7] c.n.c.a.ServiceLogAspect [ServiceLogAspect.java:40] 用户[0:0:0:0:0:0:0:1],在[2024-07-11 15:18:41],访问了[com.nowcoder.community.service.UserService.findUserById].
2024-07-11 15:18:41,297 INFO [http-nio-8080-exec-7] c.n.c.a.ServiceLogAspect [ServiceLogAspect.java:40] 用户[0:0:0:0:0:0:0:1],在[2024-07-11 15:18:41],访问了[com.nowcoder.community.service.TaskService.findTaskCount].
2024-07-11 15:18:41,302 INFO [http-nio-8080-exec-7] c.n.c.a.ServiceLogAspect [ServiceLogAspect.java:40] 用户[0:0:0:0:0:0:0:1],在[2024-07-11 15:18:41],访问了[com.nowcoder.community.service.TaskService.findTasksByUserId].
2024-07-11 15:18:41,306 INFO [http-nio-8080-exec-7] c.n.c.a.ServiceLogAspect [ServiceLogAspect.java:40] 用户[0:0:0:0:0:0:0:1],在[2024-07-11 15:18:41],访问了[com.nowcoder.community.service.MessageService.findLetterUnreadCount].
2024-07-11 15:18:41,308 INFO [http-nio-8080-exec-7] c.n.c.a.ServiceLogAspect [ServiceLogAspect.java:40] 用户[0:0:0:0:0:0:0:1],在[2024-07-11 15:18:41],访问了[com.nowcoder.community.service.MessageService.findNoticeUnreadCount].
2024-07-11 15:18:42,610 INFO [http-nio-8080-exec-4] c.n.c.a.ServiceLogAspect [ServiceLogAspect.java:40] 用户[0:0:0:0:0:0:0:1],在[2024-07-11 15:18:42],访问了[com.nowcoder.community.service.UserService.findLoginTicket].
2024-07-11 15:18:42,612 INFO [http-nio-8080-exec-4] c.n.c.a.ServiceLogAspect [ServiceLogAspect.java:40] 用户[0:0:0:0:0:0:0:1],在[2024-07-11 15:18:42],访问了[com.nowcoder.community.service.UserService.findUserById].
2024-07-11 15:18:42,659 INFO [http-nio-8080-exec-4] c.n.c.a.ServiceLogAspect [ServiceLogAspect.java:40] 用户[0:0:0:0:0:0:0:1],在[2024-07-11 15:18:42],访问了[com.nowcoder.community.service.TaskService.findTaskById].
2024-07-11 15:18:42,669 INFO [http-nio-8080-exec-4] c.n.c.a.ServiceLogAspect [ServiceLogAspect.java:40] 用户[0:0:0:0:0:0:0:1],在[2024-07-11 15:18:42],访问了[com.nowcoder.community.service.TaskService.executeScript].
2024-07-11 15:18:47,459 INFO [http-nio-8080-exec-3] c.n.c.a.ServiceLogAspect [ServiceLogAspect.java:40] 用户[0:0:0:0:0:0:0:1],在[2024-07-11 15:18:47],访问了[com.nowcoder.community.service.UserService.findLoginTicket].
2024-07-11 15:18:47,461 INFO [http-nio-8080-exec-3] c.n.c.a.ServiceLogAspect [ServiceLogAspect.java:40] 用户[0:0:0:0:0:0:0:1],在[2024-07-11 15:18:47],访问了[com.nowcoder.community.service.UserService.findUserById].
2024-07-11 15:18:47,567 INFO [http-nio-8080-exec-3] c.n.c.a.ServiceLogAspect [ServiceLogAspect.java:40] 用户[0:0:0:0:0:0:0:1],在[2024-07-11 15:18:47],访问了[com.nowcoder.community.service.MessageService.findLetterUnreadCount].
2024-07-11 15:18:47,570 INFO [http-nio-8080-exec-3] c.n.c.a.ServiceLogAspect [ServiceLogAspect.java:40] 用户[0:0:0:0:0:0:0:1],在[2024-07-11 15:18:47],访问了[com.nowcoder.community.service.MessageService.findNoticeUnreadCount].
2024-07-11 15:27:05,267 INFO [org.springframework.kafka.KafkaListenerEndpointContainer#0-0-C-1] o.a.k.c.NetworkClient [NetworkClient.java:935] [Consumer clientId=consumer-test-1, groupId=test] Node -1 disconnected.
2024-07-11 16:00:21,906 INFO [org.springframework.kafka.KafkaListenerEndpointContainer#0-0-C-1] o.a.k.c.c.i.ConsumerCoordinator [ConsumerCoordinator.java:311] [Consumer clientId=consumer-test-1, groupId=test] Revoke previously assigned partitions comment-0, like-0, follow-0
2024-07-11 16:00:21,906 INFO [org.springframework.kafka.KafkaListenerEndpointContainer#0-0-C-1] o.s.k.l.KafkaMessageListenerContainer [LogAccessor.java:292] test: partitions revoked: [comment-0, like-0, follow-0]
2024-07-11 16:00:21,907 INFO [org.springframework.kafka.KafkaListenerEndpointContainer#0-0-C-1] o.a.k.c.c.i.ConsumerCoordinator [AbstractCoordinator.java:1060] [Consumer clientId=consumer-test-1, groupId=test] Member consumer-test-1-bca5e12d-0548-4984-a36d-dbf1583a930c sending LeaveGroup request to coordinator localhost:9092 (id: 2147483647 rack: null) due to the consumer unsubscribed from all topics
2024-07-11 16:00:21,921 INFO [org.springframework.kafka.KafkaListenerEndpointContainer#0-0-C-1] o.a.k.c.c.i.ConsumerCoordinator [AbstractCoordinator.java:972] [Consumer clientId=consumer-test-1, groupId=test] Resetting generation due to: consumer pro-actively leaving the group
2024-07-11 16:00:21,921 INFO [org.springframework.kafka.KafkaListenerEndpointContainer#0-0-C-1] o.a.k.c.c.i.ConsumerCoordinator [AbstractCoordinator.java:1000] [Consumer clientId=consumer-test-1, groupId=test] Request joining group due to: consumer pro-actively leaving the group
2024-07-11 16:00:21,921 INFO [org.springframework.kafka.KafkaListenerEndpointContainer#0-0-C-1] o.a.k.c.c.KafkaConsumer [KafkaConsumer.java:1075] [Consumer clientId=consumer-test-1, groupId=test] Unsubscribed all topics or patterns and assigned partitions
2024-07-11 16:00:21,921 INFO [org.springframework.kafka.KafkaListenerEndpointContainer#0-0-C-1] o.a.k.c.c.i.ConsumerCoordinator [AbstractCoordinator.java:972] [Consumer clientId=consumer-test-1, groupId=test] Resetting generation due to: consumer pro-actively leaving the group
2024-07-11 16:00:21,921 INFO [org.springframework.kafka.KafkaListenerEndpointContainer#0-0-C-1] o.a.k.c.c.i.ConsumerCoordinator [AbstractCoordinator.java:1000] [Consumer clientId=consumer-test-1, groupId=test] Request joining group due to: consumer pro-actively leaving the group
2024-07-11 16:00:21,933 INFO [org.springframework.kafka.KafkaListenerEndpointContainer#0-0-C-1] o.a.k.c.m.Metrics [Metrics.java:659] Metrics scheduler closed
2024-07-11 16:00:21,933 INFO [org.springframework.kafka.KafkaListenerEndpointContainer#0-0-C-1] o.a.k.c.m.Metrics [Metrics.java:663] Closing reporter org.apache.kafka.common.metrics.JmxReporter
2024-07-11 16:00:21,933 INFO [org.springframework.kafka.KafkaListenerEndpointContainer#0-0-C-1] o.a.k.c.m.Metrics [Metrics.java:669] Metrics reporters closed
2024-07-11 16:00:21,936 INFO [org.springframework.kafka.KafkaListenerEndpointContainer#0-0-C-1] o.a.k.c.u.AppInfoParser [AppInfoParser.java:83] App info kafka.consumer for consumer-test-1 unregistered
2024-07-11 16:00:21,936 INFO [org.springframework.kafka.KafkaListenerEndpointContainer#0-0-C-1] o.s.k.l.KafkaMessageListenerContainer [LogAccessor.java:292] test: Consumer stopped
2024-07-11 16:00:26,393 INFO [SpringApplicationShutdownHook] o.s.o.j.LocalContainerEntityManagerFactoryBean [AbstractEntityManagerFactoryBean.java:651] Closing JPA EntityManagerFactory for persistence unit 'default'
2024-07-11 16:00:26,420 INFO [SpringApplicationShutdownHook] c.z.h.HikariDataSource [HikariDataSource.java:347] HikariPool-1 - Shutdown initiated...
2024-07-11 16:00:26,423 INFO [SpringApplicationShutdownHook] c.z.h.HikariDataSource [HikariDataSource.java:349] HikariPool-1 - Shutdown completed.
