2024-06-24 20:01:43,420 ERROR [http-nio-8080-exec-4] c.n.c.c.LoginController [LoginController.java:116] 响应验证码失败:java.io.IOException: 你的主机中的软件中止了一个已建立的连接。
2024-06-24 20:02:59,439 ERROR [http-nio-8080-exec-9] c.n.c.c.a.ExceptionAdvice [ExceptionAdvice.java:22] 服务器发生异常: 调用Python脚本失败
2024-06-24 20:02:59,443 ERROR [http-nio-8080-exec-9] c.n.c.c.a.ExceptionAdvice [ExceptionAdvice.java:24] com.nowcoder.community.service.TaskService.getTaskResult(TaskService.java:164)
2024-06-24 20:02:59,443 ERROR [http-nio-8080-exec-9] c.n.c.c.a.ExceptionAdvice [ExceptionAdvice.java:24] com.nowcoder.community.service.TaskService$$FastClassBySpringCGLIB$$12f47880.invoke(<generated>)
2024-06-24 20:02:59,443 ERROR [http-nio-8080-exec-9] c.n.c.c.a.ExceptionAdvice [ExceptionAdvice.java:24] org.springframework.cglib.proxy.MethodProxy.invoke(MethodProxy.java:218)
2024-06-24 20:02:59,443 ERROR [http-nio-8080-exec-9] c.n.c.c.a.ExceptionAdvice [ExceptionAdvice.java:24] org.springframework.aop.framework.CglibAopProxy$CglibMethodInvocation.invokeJoinpoint(CglibAopProxy.java:793)
2024-06-24 20:02:59,443 ERROR [http-nio-8080-exec-9] c.n.c.c.a.ExceptionAdvice [ExceptionAdvice.java:24] org.springframework.aop.framework.ReflectiveMethodInvocation.proceed(ReflectiveMethodInvocation.java:163)
2024-06-24 20:02:59,443 ERROR [http-nio-8080-exec-9] c.n.c.c.a.ExceptionAdvice [ExceptionAdvice.java:24] org.springframework.aop.framework.CglibAopProxy$CglibMethodInvocation.proceed(CglibAopProxy.java:763)
2024-06-24 20:02:59,443 ERROR [http-nio-8080-exec-9] c.n.c.c.a.ExceptionAdvice [ExceptionAdvice.java:24] org.springframework.aop.framework.adapter.MethodBeforeAdviceInterceptor.invoke(MethodBeforeAdviceInterceptor.java:58)
2024-06-24 20:02:59,443 ERROR [http-nio-8080-exec-9] c.n.c.c.a.ExceptionAdvice [ExceptionAdvice.java:24] org.springframework.aop.framework.ReflectiveMethodInvocation.proceed(ReflectiveMethodInvocation.java:186)
2024-06-24 20:02:59,443 ERROR [http-nio-8080-exec-9] c.n.c.c.a.ExceptionAdvice [ExceptionAdvice.java:24] org.springframework.aop.framework.CglibAopProxy$CglibMethodInvocation.proceed(CglibAopProxy.java:763)
2024-06-24 20:02:59,443 ERROR [http-nio-8080-exec-9] c.n.c.c.a.ExceptionAdvice [ExceptionAdvice.java:24] org.springframework.aop.interceptor.ExposeInvocationInterceptor.invoke(ExposeInvocationInterceptor.java:97)
2024-06-24 20:02:59,444 ERROR [http-nio-8080-exec-9] c.n.c.c.a.ExceptionAdvice [ExceptionAdvice.java:24] org.springframework.aop.framework.ReflectiveMethodInvocation.proceed(ReflectiveMethodInvocation.java:186)
2024-06-24 20:02:59,444 ERROR [http-nio-8080-exec-9] c.n.c.c.a.ExceptionAdvice [ExceptionAdvice.java:24] org.springframework.aop.framework.CglibAopProxy$CglibMethodInvocation.proceed(CglibAopProxy.java:763)
2024-06-24 20:02:59,444 ERROR [http-nio-8080-exec-9] c.n.c.c.a.ExceptionAdvice [ExceptionAdvice.java:24] org.springframework.aop.framework.CglibAopProxy$DynamicAdvisedInterceptor.intercept(CglibAopProxy.java:708)
2024-06-24 20:02:59,444 ERROR [http-nio-8080-exec-9] c.n.c.c.a.ExceptionAdvice [ExceptionAdvice.java:24] com.nowcoder.community.service.TaskService$$EnhancerBySpringCGLIB$$9546b29d.getTaskResult(<generated>)
2024-06-24 20:02:59,444 ERROR [http-nio-8080-exec-9] c.n.c.c.a.ExceptionAdvice [ExceptionAdvice.java:24] com.nowcoder.community.controller.TaskController.showTaskResult(TaskController.java:74)
2024-06-24 20:02:59,444 ERROR [http-nio-8080-exec-9] c.n.c.c.a.ExceptionAdvice [ExceptionAdvice.java:24] java.base/jdk.internal.reflect.NativeMethodAccessorImpl.invoke0(Native Method)
2024-06-24 20:02:59,444 ERROR [http-nio-8080-exec-9] c.n.c.c.a.ExceptionAdvice [ExceptionAdvice.java:24] java.base/jdk.internal.reflect.NativeMethodAccessorImpl.invoke(NativeMethodAccessorImpl.java:77)
2024-06-24 20:02:59,444 ERROR [http-nio-8080-exec-9] c.n.c.c.a.ExceptionAdvice [ExceptionAdvice.java:24] java.base/jdk.internal.reflect.DelegatingMethodAccessorImpl.invoke(DelegatingMethodAccessorImpl.java:43)
2024-06-24 20:02:59,444 ERROR [http-nio-8080-exec-9] c.n.c.c.a.ExceptionAdvice [ExceptionAdvice.java:24] java.base/java.lang.reflect.Method.invoke(Method.java:568)
2024-06-24 20:02:59,444 ERROR [http-nio-8080-exec-9] c.n.c.c.a.ExceptionAdvice [ExceptionAdvice.java:24] org.springframework.web.method.support.InvocableHandlerMethod.doInvoke(InvocableHandlerMethod.java:205)
2024-06-24 20:02:59,444 ERROR [http-nio-8080-exec-9] c.n.c.c.a.ExceptionAdvice [ExceptionAdvice.java:24] org.springframework.web.method.support.InvocableHandlerMethod.invokeForRequest(InvocableHandlerMethod.java:150)
2024-06-24 20:02:59,444 ERROR [http-nio-8080-exec-9] c.n.c.c.a.ExceptionAdvice [ExceptionAdvice.java:24] org.springframework.web.servlet.mvc.method.annotation.ServletInvocableHandlerMethod.invokeAndHandle(ServletInvocableHandlerMethod.java:117)
2024-06-24 20:02:59,444 ERROR [http-nio-8080-exec-9] c.n.c.c.a.ExceptionAdvice [ExceptionAdvice.java:24] org.springframework.web.servlet.mvc.method.annotation.RequestMappingHandlerAdapter.invokeHandlerMethod(RequestMappingHandlerAdapter.java:895)
2024-06-24 20:02:59,444 ERROR [http-nio-8080-exec-9] c.n.c.c.a.ExceptionAdvice [ExceptionAdvice.java:24] org.springframework.web.servlet.mvc.method.annotation.RequestMappingHandlerAdapter.handleInternal(RequestMappingHandlerAdapter.java:808)
2024-06-24 20:02:59,444 ERROR [http-nio-8080-exec-9] c.n.c.c.a.ExceptionAdvice [ExceptionAdvice.java:24] org.springframework.web.servlet.mvc.method.AbstractHandlerMethodAdapter.handle(AbstractHandlerMethodAdapter.java:87)
2024-06-24 20:02:59,444 ERROR [http-nio-8080-exec-9] c.n.c.c.a.ExceptionAdvice [ExceptionAdvice.java:24] org.springframework.web.servlet.DispatcherServlet.doDispatch(DispatcherServlet.java:1071)
2024-06-24 20:02:59,444 ERROR [http-nio-8080-exec-9] c.n.c.c.a.ExceptionAdvice [ExceptionAdvice.java:24] org.springframework.web.servlet.DispatcherServlet.doService(DispatcherServlet.java:964)
2024-06-24 20:02:59,444 ERROR [http-nio-8080-exec-9] c.n.c.c.a.ExceptionAdvice [ExceptionAdvice.java:24] org.springframework.web.servlet.FrameworkServlet.processRequest(FrameworkServlet.java:1006)
2024-06-24 20:02:59,444 ERROR [http-nio-8080-exec-9] c.n.c.c.a.ExceptionAdvice [ExceptionAdvice.java:24] org.springframework.web.servlet.FrameworkServlet.doGet(FrameworkServlet.java:898)
2024-06-24 20:02:59,444 ERROR [http-nio-8080-exec-9] c.n.c.c.a.ExceptionAdvice [ExceptionAdvice.java:24] javax.servlet.http.HttpServlet.service(HttpServlet.java:670)
2024-06-24 20:02:59,444 ERROR [http-nio-8080-exec-9] c.n.c.c.a.ExceptionAdvice [ExceptionAdvice.java:24] org.springframework.web.servlet.FrameworkServlet.service(FrameworkServlet.java:883)
2024-06-24 20:02:59,444 ERROR [http-nio-8080-exec-9] c.n.c.c.a.ExceptionAdvice [ExceptionAdvice.java:24] javax.servlet.http.HttpServlet.service(HttpServlet.java:779)
2024-06-24 20:02:59,444 ERROR [http-nio-8080-exec-9] c.n.c.c.a.ExceptionAdvice [ExceptionAdvice.java:24] org.apache.catalina.core.ApplicationFilterChain.internalDoFilter(ApplicationFilterChain.java:227)
2024-06-24 20:02:59,444 ERROR [http-nio-8080-exec-9] c.n.c.c.a.ExceptionAdvice [ExceptionAdvice.java:24] org.apache.catalina.core.ApplicationFilterChain.doFilter(ApplicationFilterChain.java:162)
2024-06-24 20:02:59,444 ERROR [http-nio-8080-exec-9] c.n.c.c.a.ExceptionAdvice [ExceptionAdvice.java:24] org.apache.tomcat.websocket.server.WsFilter.doFilter(WsFilter.java:53)
2024-06-24 20:02:59,444 ERROR [http-nio-8080-exec-9] c.n.c.c.a.ExceptionAdvice [ExceptionAdvice.java:24] org.apache.catalina.core.ApplicationFilterChain.internalDoFilter(ApplicationFilterChain.java:189)
2024-06-24 20:02:59,444 ERROR [http-nio-8080-exec-9] c.n.c.c.a.ExceptionAdvice [ExceptionAdvice.java:24] org.apache.catalina.core.ApplicationFilterChain.doFilter(ApplicationFilterChain.java:162)
2024-06-24 20:02:59,444 ERROR [http-nio-8080-exec-9] c.n.c.c.a.ExceptionAdvice [ExceptionAdvice.java:24] org.springframework.web.filter.RequestContextFilter.doFilterInternal(RequestContextFilter.java:100)
2024-06-24 20:02:59,444 ERROR [http-nio-8080-exec-9] c.n.c.c.a.ExceptionAdvice [ExceptionAdvice.java:24] org.springframework.web.filter.OncePerRequestFilter.doFilter(OncePerRequestFilter.java:117)
2024-06-24 20:02:59,445 ERROR [http-nio-8080-exec-9] c.n.c.c.a.ExceptionAdvice [ExceptionAdvice.java:24] org.apache.catalina.core.ApplicationFilterChain.internalDoFilter(ApplicationFilterChain.java:189)
2024-06-24 20:02:59,445 ERROR [http-nio-8080-exec-9] c.n.c.c.a.ExceptionAdvice [ExceptionAdvice.java:24] org.apache.catalina.core.ApplicationFilterChain.doFilter(ApplicationFilterChain.java:162)
2024-06-24 20:02:59,445 ERROR [http-nio-8080-exec-9] c.n.c.c.a.ExceptionAdvice [ExceptionAdvice.java:24] org.springframework.web.filter.FormContentFilter.doFilterInternal(FormContentFilter.java:93)
2024-06-24 20:02:59,445 ERROR [http-nio-8080-exec-9] c.n.c.c.a.ExceptionAdvice [ExceptionAdvice.java:24] org.springframework.web.filter.OncePerRequestFilter.doFilter(OncePerRequestFilter.java:117)
2024-06-24 20:02:59,445 ERROR [http-nio-8080-exec-9] c.n.c.c.a.ExceptionAdvice [ExceptionAdvice.java:24] org.apache.catalina.core.ApplicationFilterChain.internalDoFilter(ApplicationFilterChain.java:189)
2024-06-24 20:02:59,445 ERROR [http-nio-8080-exec-9] c.n.c.c.a.ExceptionAdvice [ExceptionAdvice.java:24] org.apache.catalina.core.ApplicationFilterChain.doFilter(ApplicationFilterChain.java:162)
2024-06-24 20:02:59,445 ERROR [http-nio-8080-exec-9] c.n.c.c.a.ExceptionAdvice [ExceptionAdvice.java:24] org.springframework.web.filter.CharacterEncodingFilter.doFilterInternal(CharacterEncodingFilter.java:201)
2024-06-24 20:02:59,445 ERROR [http-nio-8080-exec-9] c.n.c.c.a.ExceptionAdvice [ExceptionAdvice.java:24] org.springframework.web.filter.OncePerRequestFilter.doFilter(OncePerRequestFilter.java:117)
2024-06-24 20:02:59,445 ERROR [http-nio-8080-exec-9] c.n.c.c.a.ExceptionAdvice [ExceptionAdvice.java:24] org.apache.catalina.core.ApplicationFilterChain.internalDoFilter(ApplicationFilterChain.java:189)
2024-06-24 20:02:59,445 ERROR [http-nio-8080-exec-9] c.n.c.c.a.ExceptionAdvice [ExceptionAdvice.java:24] org.apache.catalina.core.ApplicationFilterChain.doFilter(ApplicationFilterChain.java:162)
2024-06-24 20:02:59,445 ERROR [http-nio-8080-exec-9] c.n.c.c.a.ExceptionAdvice [ExceptionAdvice.java:24] org.apache.catalina.core.StandardWrapperValve.invoke(StandardWrapperValve.java:197)
2024-06-24 20:02:59,445 ERROR [http-nio-8080-exec-9] c.n.c.c.a.ExceptionAdvice [ExceptionAdvice.java:24] org.apache.catalina.core.StandardContextValve.invoke(StandardContextValve.java:97)
2024-06-24 20:02:59,445 ERROR [http-nio-8080-exec-9] c.n.c.c.a.ExceptionAdvice [ExceptionAdvice.java:24] org.apache.catalina.authenticator.AuthenticatorBase.invoke(AuthenticatorBase.java:541)
2024-06-24 20:02:59,445 ERROR [http-nio-8080-exec-9] c.n.c.c.a.ExceptionAdvice [ExceptionAdvice.java:24] org.apache.catalina.core.StandardHostValve.invoke(StandardHostValve.java:135)
2024-06-24 20:02:59,445 ERROR [http-nio-8080-exec-9] c.n.c.c.a.ExceptionAdvice [ExceptionAdvice.java:24] org.apache.catalina.valves.ErrorReportValve.invoke(ErrorReportValve.java:92)
2024-06-24 20:02:59,445 ERROR [http-nio-8080-exec-9] c.n.c.c.a.ExceptionAdvice [ExceptionAdvice.java:24] org.apache.catalina.core.StandardEngineValve.invoke(StandardEngineValve.java:78)
2024-06-24 20:02:59,445 ERROR [http-nio-8080-exec-9] c.n.c.c.a.ExceptionAdvice [ExceptionAdvice.java:24] org.apache.catalina.connector.CoyoteAdapter.service(CoyoteAdapter.java:360)
2024-06-24 20:02:59,445 ERROR [http-nio-8080-exec-9] c.n.c.c.a.ExceptionAdvice [ExceptionAdvice.java:24] org.apache.coyote.http11.Http11Processor.service(Http11Processor.java:399)
2024-06-24 20:02:59,445 ERROR [http-nio-8080-exec-9] c.n.c.c.a.ExceptionAdvice [ExceptionAdvice.java:24] org.apache.coyote.AbstractProcessorLight.process(AbstractProcessorLight.java:65)
2024-06-24 20:02:59,445 ERROR [http-nio-8080-exec-9] c.n.c.c.a.ExceptionAdvice [ExceptionAdvice.java:24] org.apache.coyote.AbstractProtocol$ConnectionHandler.process(AbstractProtocol.java:893)
2024-06-24 20:02:59,445 ERROR [http-nio-8080-exec-9] c.n.c.c.a.ExceptionAdvice [ExceptionAdvice.java:24] org.apache.tomcat.util.net.NioEndpoint$SocketProcessor.doRun(NioEndpoint.java:1789)
2024-06-24 20:02:59,445 ERROR [http-nio-8080-exec-9] c.n.c.c.a.ExceptionAdvice [ExceptionAdvice.java:24] org.apache.tomcat.util.net.SocketProcessorBase.run(SocketProcessorBase.java:49)
2024-06-24 20:02:59,445 ERROR [http-nio-8080-exec-9] c.n.c.c.a.ExceptionAdvice [ExceptionAdvice.java:24] org.apache.tomcat.util.threads.ThreadPoolExecutor.runWorker(ThreadPoolExecutor.java:1191)
2024-06-24 20:02:59,445 ERROR [http-nio-8080-exec-9] c.n.c.c.a.ExceptionAdvice [ExceptionAdvice.java:24] org.apache.tomcat.util.threads.ThreadPoolExecutor$Worker.run(ThreadPoolExecutor.java:659)
2024-06-24 20:02:59,445 ERROR [http-nio-8080-exec-9] c.n.c.c.a.ExceptionAdvice [ExceptionAdvice.java:24] org.apache.tomcat.util.threads.TaskThread$WrappingRunnable.run(TaskThread.java:61)
2024-06-24 20:02:59,445 ERROR [http-nio-8080-exec-9] c.n.c.c.a.ExceptionAdvice [ExceptionAdvice.java:24] java.base/java.lang.Thread.run(Thread.java:840)
2024-06-24 20:03:05,178 ERROR [http-nio-8080-exec-7] c.n.c.c.a.ExceptionAdvice [ExceptionAdvice.java:22] 服务器发生异常: 调用Python脚本失败
2024-06-24 20:03:05,178 ERROR [http-nio-8080-exec-7] c.n.c.c.a.ExceptionAdvice [ExceptionAdvice.java:24] com.nowcoder.community.service.TaskService.getTaskResult(TaskService.java:164)
2024-06-24 20:03:05,178 ERROR [http-nio-8080-exec-7] c.n.c.c.a.ExceptionAdvice [ExceptionAdvice.java:24] com.nowcoder.community.service.TaskService$$FastClassBySpringCGLIB$$12f47880.invoke(<generated>)
2024-06-24 20:03:05,178 ERROR [http-nio-8080-exec-7] c.n.c.c.a.ExceptionAdvice [ExceptionAdvice.java:24] org.springframework.cglib.proxy.MethodProxy.invoke(MethodProxy.java:218)
2024-06-24 20:03:05,178 ERROR [http-nio-8080-exec-7] c.n.c.c.a.ExceptionAdvice [ExceptionAdvice.java:24] org.springframework.aop.framework.CglibAopProxy$CglibMethodInvocation.invokeJoinpoint(CglibAopProxy.java:793)
2024-06-24 20:03:05,178 ERROR [http-nio-8080-exec-7] c.n.c.c.a.ExceptionAdvice [ExceptionAdvice.java:24] org.springframework.aop.framework.ReflectiveMethodInvocation.proceed(ReflectiveMethodInvocation.java:163)
2024-06-24 20:03:05,178 ERROR [http-nio-8080-exec-7] c.n.c.c.a.ExceptionAdvice [ExceptionAdvice.java:24] org.springframework.aop.framework.CglibAopProxy$CglibMethodInvocation.proceed(CglibAopProxy.java:763)
2024-06-24 20:03:05,178 ERROR [http-nio-8080-exec-7] c.n.c.c.a.ExceptionAdvice [ExceptionAdvice.java:24] org.springframework.aop.framework.adapter.MethodBeforeAdviceInterceptor.invoke(MethodBeforeAdviceInterceptor.java:58)
2024-06-24 20:03:05,178 ERROR [http-nio-8080-exec-7] c.n.c.c.a.ExceptionAdvice [ExceptionAdvice.java:24] org.springframework.aop.framework.ReflectiveMethodInvocation.proceed(ReflectiveMethodInvocation.java:186)
2024-06-24 20:03:05,178 ERROR [http-nio-8080-exec-7] c.n.c.c.a.ExceptionAdvice [ExceptionAdvice.java:24] org.springframework.aop.framework.CglibAopProxy$CglibMethodInvocation.proceed(CglibAopProxy.java:763)
2024-06-24 20:03:05,178 ERROR [http-nio-8080-exec-7] c.n.c.c.a.ExceptionAdvice [ExceptionAdvice.java:24] org.springframework.aop.interceptor.ExposeInvocationInterceptor.invoke(ExposeInvocationInterceptor.java:97)
2024-06-24 20:03:05,178 ERROR [http-nio-8080-exec-7] c.n.c.c.a.ExceptionAdvice [ExceptionAdvice.java:24] org.springframework.aop.framework.ReflectiveMethodInvocation.proceed(ReflectiveMethodInvocation.java:186)
2024-06-24 20:03:05,179 ERROR [http-nio-8080-exec-7] c.n.c.c.a.ExceptionAdvice [ExceptionAdvice.java:24] org.springframework.aop.framework.CglibAopProxy$CglibMethodInvocation.proceed(CglibAopProxy.java:763)
2024-06-24 20:03:05,179 ERROR [http-nio-8080-exec-7] c.n.c.c.a.ExceptionAdvice [ExceptionAdvice.java:24] org.springframework.aop.framework.CglibAopProxy$DynamicAdvisedInterceptor.intercept(CglibAopProxy.java:708)
2024-06-24 20:03:05,179 ERROR [http-nio-8080-exec-7] c.n.c.c.a.ExceptionAdvice [ExceptionAdvice.java:24] com.nowcoder.community.service.TaskService$$EnhancerBySpringCGLIB$$9546b29d.getTaskResult(<generated>)
2024-06-24 20:03:05,179 ERROR [http-nio-8080-exec-7] c.n.c.c.a.ExceptionAdvice [ExceptionAdvice.java:24] com.nowcoder.community.controller.TaskController.showTaskResult(TaskController.java:74)
2024-06-24 20:03:05,179 ERROR [http-nio-8080-exec-7] c.n.c.c.a.ExceptionAdvice [ExceptionAdvice.java:24] java.base/jdk.internal.reflect.NativeMethodAccessorImpl.invoke0(Native Method)
2024-06-24 20:03:05,179 ERROR [http-nio-8080-exec-7] c.n.c.c.a.ExceptionAdvice [ExceptionAdvice.java:24] java.base/jdk.internal.reflect.NativeMethodAccessorImpl.invoke(NativeMethodAccessorImpl.java:77)
2024-06-24 20:03:05,179 ERROR [http-nio-8080-exec-7] c.n.c.c.a.ExceptionAdvice [ExceptionAdvice.java:24] java.base/jdk.internal.reflect.DelegatingMethodAccessorImpl.invoke(DelegatingMethodAccessorImpl.java:43)
2024-06-24 20:03:05,179 ERROR [http-nio-8080-exec-7] c.n.c.c.a.ExceptionAdvice [ExceptionAdvice.java:24] java.base/java.lang.reflect.Method.invoke(Method.java:568)
2024-06-24 20:03:05,179 ERROR [http-nio-8080-exec-7] c.n.c.c.a.ExceptionAdvice [ExceptionAdvice.java:24] org.springframework.web.method.support.InvocableHandlerMethod.doInvoke(InvocableHandlerMethod.java:205)
2024-06-24 20:03:05,179 ERROR [http-nio-8080-exec-7] c.n.c.c.a.ExceptionAdvice [ExceptionAdvice.java:24] org.springframework.web.method.support.InvocableHandlerMethod.invokeForRequest(InvocableHandlerMethod.java:150)
2024-06-24 20:03:05,179 ERROR [http-nio-8080-exec-7] c.n.c.c.a.ExceptionAdvice [ExceptionAdvice.java:24] org.springframework.web.servlet.mvc.method.annotation.ServletInvocableHandlerMethod.invokeAndHandle(ServletInvocableHandlerMethod.java:117)
2024-06-24 20:03:05,179 ERROR [http-nio-8080-exec-7] c.n.c.c.a.ExceptionAdvice [ExceptionAdvice.java:24] org.springframework.web.servlet.mvc.method.annotation.RequestMappingHandlerAdapter.invokeHandlerMethod(RequestMappingHandlerAdapter.java:895)
2024-06-24 20:03:05,179 ERROR [http-nio-8080-exec-7] c.n.c.c.a.ExceptionAdvice [ExceptionAdvice.java:24] org.springframework.web.servlet.mvc.method.annotation.RequestMappingHandlerAdapter.handleInternal(RequestMappingHandlerAdapter.java:808)
2024-06-24 20:03:05,179 ERROR [http-nio-8080-exec-7] c.n.c.c.a.ExceptionAdvice [ExceptionAdvice.java:24] org.springframework.web.servlet.mvc.method.AbstractHandlerMethodAdapter.handle(AbstractHandlerMethodAdapter.java:87)
2024-06-24 20:03:05,179 ERROR [http-nio-8080-exec-7] c.n.c.c.a.ExceptionAdvice [ExceptionAdvice.java:24] org.springframework.web.servlet.DispatcherServlet.doDispatch(DispatcherServlet.java:1071)
2024-06-24 20:03:05,179 ERROR [http-nio-8080-exec-7] c.n.c.c.a.ExceptionAdvice [ExceptionAdvice.java:24] org.springframework.web.servlet.DispatcherServlet.doService(DispatcherServlet.java:964)
2024-06-24 20:03:05,180 ERROR [http-nio-8080-exec-7] c.n.c.c.a.ExceptionAdvice [ExceptionAdvice.java:24] org.springframework.web.servlet.FrameworkServlet.processRequest(FrameworkServlet.java:1006)
2024-06-24 20:03:05,180 ERROR [http-nio-8080-exec-7] c.n.c.c.a.ExceptionAdvice [ExceptionAdvice.java:24] org.springframework.web.servlet.FrameworkServlet.doGet(FrameworkServlet.java:898)
2024-06-24 20:03:05,180 ERROR [http-nio-8080-exec-7] c.n.c.c.a.ExceptionAdvice [ExceptionAdvice.java:24] javax.servlet.http.HttpServlet.service(HttpServlet.java:670)
2024-06-24 20:03:05,180 ERROR [http-nio-8080-exec-7] c.n.c.c.a.ExceptionAdvice [ExceptionAdvice.java:24] org.springframework.web.servlet.FrameworkServlet.service(FrameworkServlet.java:883)
2024-06-24 20:03:05,180 ERROR [http-nio-8080-exec-7] c.n.c.c.a.ExceptionAdvice [ExceptionAdvice.java:24] javax.servlet.http.HttpServlet.service(HttpServlet.java:779)
2024-06-24 20:03:05,180 ERROR [http-nio-8080-exec-7] c.n.c.c.a.ExceptionAdvice [ExceptionAdvice.java:24] org.apache.catalina.core.ApplicationFilterChain.internalDoFilter(ApplicationFilterChain.java:227)
2024-06-24 20:03:05,180 ERROR [http-nio-8080-exec-7] c.n.c.c.a.ExceptionAdvice [ExceptionAdvice.java:24] org.apache.catalina.core.ApplicationFilterChain.doFilter(ApplicationFilterChain.java:162)
2024-06-24 20:03:05,180 ERROR [http-nio-8080-exec-7] c.n.c.c.a.ExceptionAdvice [ExceptionAdvice.java:24] org.apache.tomcat.websocket.server.WsFilter.doFilter(WsFilter.java:53)
2024-06-24 20:03:05,180 ERROR [http-nio-8080-exec-7] c.n.c.c.a.ExceptionAdvice [ExceptionAdvice.java:24] org.apache.catalina.core.ApplicationFilterChain.internalDoFilter(ApplicationFilterChain.java:189)
2024-06-24 20:03:05,180 ERROR [http-nio-8080-exec-7] c.n.c.c.a.ExceptionAdvice [ExceptionAdvice.java:24] org.apache.catalina.core.ApplicationFilterChain.doFilter(ApplicationFilterChain.java:162)
2024-06-24 20:03:05,180 ERROR [http-nio-8080-exec-7] c.n.c.c.a.ExceptionAdvice [ExceptionAdvice.java:24] org.springframework.web.filter.RequestContextFilter.doFilterInternal(RequestContextFilter.java:100)
2024-06-24 20:03:05,180 ERROR [http-nio-8080-exec-7] c.n.c.c.a.ExceptionAdvice [ExceptionAdvice.java:24] org.springframework.web.filter.OncePerRequestFilter.doFilter(OncePerRequestFilter.java:117)
2024-06-24 20:03:05,180 ERROR [http-nio-8080-exec-7] c.n.c.c.a.ExceptionAdvice [ExceptionAdvice.java:24] org.apache.catalina.core.ApplicationFilterChain.internalDoFilter(ApplicationFilterChain.java:189)
2024-06-24 20:03:05,180 ERROR [http-nio-8080-exec-7] c.n.c.c.a.ExceptionAdvice [ExceptionAdvice.java:24] org.apache.catalina.core.ApplicationFilterChain.doFilter(ApplicationFilterChain.java:162)
2024-06-24 20:03:05,180 ERROR [http-nio-8080-exec-7] c.n.c.c.a.ExceptionAdvice [ExceptionAdvice.java:24] org.springframework.web.filter.FormContentFilter.doFilterInternal(FormContentFilter.java:93)
2024-06-24 20:03:05,180 ERROR [http-nio-8080-exec-7] c.n.c.c.a.ExceptionAdvice [ExceptionAdvice.java:24] org.springframework.web.filter.OncePerRequestFilter.doFilter(OncePerRequestFilter.java:117)
2024-06-24 20:03:05,180 ERROR [http-nio-8080-exec-7] c.n.c.c.a.ExceptionAdvice [ExceptionAdvice.java:24] org.apache.catalina.core.ApplicationFilterChain.internalDoFilter(ApplicationFilterChain.java:189)
2024-06-24 20:03:05,180 ERROR [http-nio-8080-exec-7] c.n.c.c.a.ExceptionAdvice [ExceptionAdvice.java:24] org.apache.catalina.core.ApplicationFilterChain.doFilter(ApplicationFilterChain.java:162)
2024-06-24 20:03:05,180 ERROR [http-nio-8080-exec-7] c.n.c.c.a.ExceptionAdvice [ExceptionAdvice.java:24] org.springframework.web.filter.CharacterEncodingFilter.doFilterInternal(CharacterEncodingFilter.java:201)
2024-06-24 20:03:05,180 ERROR [http-nio-8080-exec-7] c.n.c.c.a.ExceptionAdvice [ExceptionAdvice.java:24] org.springframework.web.filter.OncePerRequestFilter.doFilter(OncePerRequestFilter.java:117)
2024-06-24 20:03:05,180 ERROR [http-nio-8080-exec-7] c.n.c.c.a.ExceptionAdvice [ExceptionAdvice.java:24] org.apache.catalina.core.ApplicationFilterChain.internalDoFilter(ApplicationFilterChain.java:189)
2024-06-24 20:03:05,180 ERROR [http-nio-8080-exec-7] c.n.c.c.a.ExceptionAdvice [ExceptionAdvice.java:24] org.apache.catalina.core.ApplicationFilterChain.doFilter(ApplicationFilterChain.java:162)
2024-06-24 20:03:05,180 ERROR [http-nio-8080-exec-7] c.n.c.c.a.ExceptionAdvice [ExceptionAdvice.java:24] org.apache.catalina.core.StandardWrapperValve.invoke(StandardWrapperValve.java:197)
2024-06-24 20:03:05,180 ERROR [http-nio-8080-exec-7] c.n.c.c.a.ExceptionAdvice [ExceptionAdvice.java:24] org.apache.catalina.core.StandardContextValve.invoke(StandardContextValve.java:97)
2024-06-24 20:03:05,180 ERROR [http-nio-8080-exec-7] c.n.c.c.a.ExceptionAdvice [ExceptionAdvice.java:24] org.apache.catalina.authenticator.AuthenticatorBase.invoke(AuthenticatorBase.java:541)
2024-06-24 20:03:05,180 ERROR [http-nio-8080-exec-7] c.n.c.c.a.ExceptionAdvice [ExceptionAdvice.java:24] org.apache.catalina.core.StandardHostValve.invoke(StandardHostValve.java:135)
2024-06-24 20:03:05,180 ERROR [http-nio-8080-exec-7] c.n.c.c.a.ExceptionAdvice [ExceptionAdvice.java:24] org.apache.catalina.valves.ErrorReportValve.invoke(ErrorReportValve.java:92)
2024-06-24 20:03:05,180 ERROR [http-nio-8080-exec-7] c.n.c.c.a.ExceptionAdvice [ExceptionAdvice.java:24] org.apache.catalina.core.StandardEngineValve.invoke(StandardEngineValve.java:78)
2024-06-24 20:03:05,180 ERROR [http-nio-8080-exec-7] c.n.c.c.a.ExceptionAdvice [ExceptionAdvice.java:24] org.apache.catalina.connector.CoyoteAdapter.service(CoyoteAdapter.java:360)
2024-06-24 20:03:05,180 ERROR [http-nio-8080-exec-7] c.n.c.c.a.ExceptionAdvice [ExceptionAdvice.java:24] org.apache.coyote.http11.Http11Processor.service(Http11Processor.java:399)
2024-06-24 20:03:05,180 ERROR [http-nio-8080-exec-7] c.n.c.c.a.ExceptionAdvice [ExceptionAdvice.java:24] org.apache.coyote.AbstractProcessorLight.process(AbstractProcessorLight.java:65)
2024-06-24 20:03:05,181 ERROR [http-nio-8080-exec-7] c.n.c.c.a.ExceptionAdvice [ExceptionAdvice.java:24] org.apache.coyote.AbstractProtocol$ConnectionHandler.process(AbstractProtocol.java:893)
2024-06-24 20:03:05,181 ERROR [http-nio-8080-exec-7] c.n.c.c.a.ExceptionAdvice [ExceptionAdvice.java:24] org.apache.tomcat.util.net.NioEndpoint$SocketProcessor.doRun(NioEndpoint.java:1789)
2024-06-24 20:03:05,181 ERROR [http-nio-8080-exec-7] c.n.c.c.a.ExceptionAdvice [ExceptionAdvice.java:24] org.apache.tomcat.util.net.SocketProcessorBase.run(SocketProcessorBase.java:49)
2024-06-24 20:03:05,181 ERROR [http-nio-8080-exec-7] c.n.c.c.a.ExceptionAdvice [ExceptionAdvice.java:24] org.apache.tomcat.util.threads.ThreadPoolExecutor.runWorker(ThreadPoolExecutor.java:1191)
2024-06-24 20:03:05,181 ERROR [http-nio-8080-exec-7] c.n.c.c.a.ExceptionAdvice [ExceptionAdvice.java:24] org.apache.tomcat.util.threads.ThreadPoolExecutor$Worker.run(ThreadPoolExecutor.java:659)
2024-06-24 20:03:05,181 ERROR [http-nio-8080-exec-7] c.n.c.c.a.ExceptionAdvice [ExceptionAdvice.java:24] org.apache.tomcat.util.threads.TaskThread$WrappingRunnable.run(TaskThread.java:61)
2024-06-24 20:03:05,181 ERROR [http-nio-8080-exec-7] c.n.c.c.a.ExceptionAdvice [ExceptionAdvice.java:24] java.base/java.lang.Thread.run(Thread.java:840)
2024-06-24 20:07:40,480 ERROR [http-nio-8080-exec-7] c.n.c.c.a.ExceptionAdvice [ExceptionAdvice.java:22] 服务器发生异常: 调用Python脚本失败
2024-06-24 20:07:40,488 ERROR [http-nio-8080-exec-7] c.n.c.c.a.ExceptionAdvice [ExceptionAdvice.java:24] com.nowcoder.community.service.TaskService.getTaskResult(TaskService.java:164)
2024-06-24 20:07:40,488 ERROR [http-nio-8080-exec-7] c.n.c.c.a.ExceptionAdvice [ExceptionAdvice.java:24] com.nowcoder.community.service.TaskService$$FastClassBySpringCGLIB$$12f47880.invoke(<generated>)
2024-06-24 20:07:40,488 ERROR [http-nio-8080-exec-7] c.n.c.c.a.ExceptionAdvice [ExceptionAdvice.java:24] org.springframework.cglib.proxy.MethodProxy.invoke(MethodProxy.java:218)
2024-06-24 20:07:40,488 ERROR [http-nio-8080-exec-7] c.n.c.c.a.ExceptionAdvice [ExceptionAdvice.java:24] org.springframework.aop.framework.CglibAopProxy$CglibMethodInvocation.invokeJoinpoint(CglibAopProxy.java:793)
2024-06-24 20:07:40,488 ERROR [http-nio-8080-exec-7] c.n.c.c.a.ExceptionAdvice [ExceptionAdvice.java:24] org.springframework.aop.framework.ReflectiveMethodInvocation.proceed(ReflectiveMethodInvocation.java:163)
2024-06-24 20:07:40,488 ERROR [http-nio-8080-exec-7] c.n.c.c.a.ExceptionAdvice [ExceptionAdvice.java:24] org.springframework.aop.framework.CglibAopProxy$CglibMethodInvocation.proceed(CglibAopProxy.java:763)
2024-06-24 20:07:40,488 ERROR [http-nio-8080-exec-7] c.n.c.c.a.ExceptionAdvice [ExceptionAdvice.java:24] org.springframework.aop.framework.adapter.MethodBeforeAdviceInterceptor.invoke(MethodBeforeAdviceInterceptor.java:58)
2024-06-24 20:07:40,489 ERROR [http-nio-8080-exec-7] c.n.c.c.a.ExceptionAdvice [ExceptionAdvice.java:24] org.springframework.aop.framework.ReflectiveMethodInvocation.proceed(ReflectiveMethodInvocation.java:186)
2024-06-24 20:07:40,489 ERROR [http-nio-8080-exec-7] c.n.c.c.a.ExceptionAdvice [ExceptionAdvice.java:24] org.springframework.aop.framework.CglibAopProxy$CglibMethodInvocation.proceed(CglibAopProxy.java:763)
2024-06-24 20:07:40,489 ERROR [http-nio-8080-exec-7] c.n.c.c.a.ExceptionAdvice [ExceptionAdvice.java:24] org.springframework.aop.interceptor.ExposeInvocationInterceptor.invoke(ExposeInvocationInterceptor.java:97)
2024-06-24 20:07:40,489 ERROR [http-nio-8080-exec-7] c.n.c.c.a.ExceptionAdvice [ExceptionAdvice.java:24] org.springframework.aop.framework.ReflectiveMethodInvocation.proceed(ReflectiveMethodInvocation.java:186)
2024-06-24 20:07:40,489 ERROR [http-nio-8080-exec-7] c.n.c.c.a.ExceptionAdvice [ExceptionAdvice.java:24] org.springframework.aop.framework.CglibAopProxy$CglibMethodInvocation.proceed(CglibAopProxy.java:763)
2024-06-24 20:07:40,489 ERROR [http-nio-8080-exec-7] c.n.c.c.a.ExceptionAdvice [ExceptionAdvice.java:24] org.springframework.aop.framework.CglibAopProxy$DynamicAdvisedInterceptor.intercept(CglibAopProxy.java:708)
2024-06-24 20:07:40,489 ERROR [http-nio-8080-exec-7] c.n.c.c.a.ExceptionAdvice [ExceptionAdvice.java:24] com.nowcoder.community.service.TaskService$$EnhancerBySpringCGLIB$$90c308e0.getTaskResult(<generated>)
2024-06-24 20:07:40,489 ERROR [http-nio-8080-exec-7] c.n.c.c.a.ExceptionAdvice [ExceptionAdvice.java:24] com.nowcoder.community.controller.TaskController.showTaskResult(TaskController.java:74)
2024-06-24 20:07:40,489 ERROR [http-nio-8080-exec-7] c.n.c.c.a.ExceptionAdvice [ExceptionAdvice.java:24] java.base/jdk.internal.reflect.NativeMethodAccessorImpl.invoke0(Native Method)
2024-06-24 20:07:40,489 ERROR [http-nio-8080-exec-7] c.n.c.c.a.ExceptionAdvice [ExceptionAdvice.java:24] java.base/jdk.internal.reflect.NativeMethodAccessorImpl.invoke(NativeMethodAccessorImpl.java:77)
2024-06-24 20:07:40,489 ERROR [http-nio-8080-exec-7] c.n.c.c.a.ExceptionAdvice [ExceptionAdvice.java:24] java.base/jdk.internal.reflect.DelegatingMethodAccessorImpl.invoke(DelegatingMethodAccessorImpl.java:43)
2024-06-24 20:07:40,489 ERROR [http-nio-8080-exec-7] c.n.c.c.a.ExceptionAdvice [ExceptionAdvice.java:24] java.base/java.lang.reflect.Method.invoke(Method.java:568)
2024-06-24 20:07:40,490 ERROR [http-nio-8080-exec-7] c.n.c.c.a.ExceptionAdvice [ExceptionAdvice.java:24] org.springframework.web.method.support.InvocableHandlerMethod.doInvoke(InvocableHandlerMethod.java:205)
2024-06-24 20:07:40,490 ERROR [http-nio-8080-exec-7] c.n.c.c.a.ExceptionAdvice [ExceptionAdvice.java:24] org.springframework.web.method.support.InvocableHandlerMethod.invokeForRequest(InvocableHandlerMethod.java:150)
2024-06-24 20:07:40,490 ERROR [http-nio-8080-exec-7] c.n.c.c.a.ExceptionAdvice [ExceptionAdvice.java:24] org.springframework.web.servlet.mvc.method.annotation.ServletInvocableHandlerMethod.invokeAndHandle(ServletInvocableHandlerMethod.java:117)
2024-06-24 20:07:40,490 ERROR [http-nio-8080-exec-7] c.n.c.c.a.ExceptionAdvice [ExceptionAdvice.java:24] org.springframework.web.servlet.mvc.method.annotation.RequestMappingHandlerAdapter.invokeHandlerMethod(RequestMappingHandlerAdapter.java:895)
2024-06-24 20:07:40,490 ERROR [http-nio-8080-exec-7] c.n.c.c.a.ExceptionAdvice [ExceptionAdvice.java:24] org.springframework.web.servlet.mvc.method.annotation.RequestMappingHandlerAdapter.handleInternal(RequestMappingHandlerAdapter.java:808)
2024-06-24 20:07:40,490 ERROR [http-nio-8080-exec-7] c.n.c.c.a.ExceptionAdvice [ExceptionAdvice.java:24] org.springframework.web.servlet.mvc.method.AbstractHandlerMethodAdapter.handle(AbstractHandlerMethodAdapter.java:87)
2024-06-24 20:07:40,490 ERROR [http-nio-8080-exec-7] c.n.c.c.a.ExceptionAdvice [ExceptionAdvice.java:24] org.springframework.web.servlet.DispatcherServlet.doDispatch(DispatcherServlet.java:1071)
2024-06-24 20:07:40,490 ERROR [http-nio-8080-exec-7] c.n.c.c.a.ExceptionAdvice [ExceptionAdvice.java:24] org.springframework.web.servlet.DispatcherServlet.doService(DispatcherServlet.java:964)
2024-06-24 20:07:40,491 ERROR [http-nio-8080-exec-7] c.n.c.c.a.ExceptionAdvice [ExceptionAdvice.java:24] org.springframework.web.servlet.FrameworkServlet.processRequest(FrameworkServlet.java:1006)
2024-06-24 20:07:40,491 ERROR [http-nio-8080-exec-7] c.n.c.c.a.ExceptionAdvice [ExceptionAdvice.java:24] org.springframework.web.servlet.FrameworkServlet.doGet(FrameworkServlet.java:898)
2024-06-24 20:07:40,491 ERROR [http-nio-8080-exec-7] c.n.c.c.a.ExceptionAdvice [ExceptionAdvice.java:24] javax.servlet.http.HttpServlet.service(HttpServlet.java:670)
2024-06-24 20:07:40,491 ERROR [http-nio-8080-exec-7] c.n.c.c.a.ExceptionAdvice [ExceptionAdvice.java:24] org.springframework.web.servlet.FrameworkServlet.service(FrameworkServlet.java:883)
2024-06-24 20:07:40,491 ERROR [http-nio-8080-exec-7] c.n.c.c.a.ExceptionAdvice [ExceptionAdvice.java:24] javax.servlet.http.HttpServlet.service(HttpServlet.java:779)
2024-06-24 20:07:40,491 ERROR [http-nio-8080-exec-7] c.n.c.c.a.ExceptionAdvice [ExceptionAdvice.java:24] org.apache.catalina.core.ApplicationFilterChain.internalDoFilter(ApplicationFilterChain.java:227)
2024-06-24 20:07:40,491 ERROR [http-nio-8080-exec-7] c.n.c.c.a.ExceptionAdvice [ExceptionAdvice.java:24] org.apache.catalina.core.ApplicationFilterChain.doFilter(ApplicationFilterChain.java:162)
2024-06-24 20:07:40,491 ERROR [http-nio-8080-exec-7] c.n.c.c.a.ExceptionAdvice [ExceptionAdvice.java:24] org.apache.tomcat.websocket.server.WsFilter.doFilter(WsFilter.java:53)
2024-06-24 20:07:40,492 ERROR [http-nio-8080-exec-7] c.n.c.c.a.ExceptionAdvice [ExceptionAdvice.java:24] org.apache.catalina.core.ApplicationFilterChain.internalDoFilter(ApplicationFilterChain.java:189)
2024-06-24 20:07:40,492 ERROR [http-nio-8080-exec-7] c.n.c.c.a.ExceptionAdvice [ExceptionAdvice.java:24] org.apache.catalina.core.ApplicationFilterChain.doFilter(ApplicationFilterChain.java:162)
2024-06-24 20:07:40,492 ERROR [http-nio-8080-exec-7] c.n.c.c.a.ExceptionAdvice [ExceptionAdvice.java:24] org.springframework.web.filter.RequestContextFilter.doFilterInternal(RequestContextFilter.java:100)
2024-06-24 20:07:40,492 ERROR [http-nio-8080-exec-7] c.n.c.c.a.ExceptionAdvice [ExceptionAdvice.java:24] org.springframework.web.filter.OncePerRequestFilter.doFilter(OncePerRequestFilter.java:117)
2024-06-24 20:07:40,492 ERROR [http-nio-8080-exec-7] c.n.c.c.a.ExceptionAdvice [ExceptionAdvice.java:24] org.apache.catalina.core.ApplicationFilterChain.internalDoFilter(ApplicationFilterChain.java:189)
2024-06-24 20:07:40,492 ERROR [http-nio-8080-exec-7] c.n.c.c.a.ExceptionAdvice [ExceptionAdvice.java:24] org.apache.catalina.core.ApplicationFilterChain.doFilter(ApplicationFilterChain.java:162)
2024-06-24 20:07:40,492 ERROR [http-nio-8080-exec-7] c.n.c.c.a.ExceptionAdvice [ExceptionAdvice.java:24] org.springframework.web.filter.FormContentFilter.doFilterInternal(FormContentFilter.java:93)
2024-06-24 20:07:40,492 ERROR [http-nio-8080-exec-7] c.n.c.c.a.ExceptionAdvice [ExceptionAdvice.java:24] org.springframework.web.filter.OncePerRequestFilter.doFilter(OncePerRequestFilter.java:117)
2024-06-24 20:07:40,492 ERROR [http-nio-8080-exec-7] c.n.c.c.a.ExceptionAdvice [ExceptionAdvice.java:24] org.apache.catalina.core.ApplicationFilterChain.internalDoFilter(ApplicationFilterChain.java:189)
2024-06-24 20:07:40,492 ERROR [http-nio-8080-exec-7] c.n.c.c.a.ExceptionAdvice [ExceptionAdvice.java:24] org.apache.catalina.core.ApplicationFilterChain.doFilter(ApplicationFilterChain.java:162)
2024-06-24 20:07:40,492 ERROR [http-nio-8080-exec-7] c.n.c.c.a.ExceptionAdvice [ExceptionAdvice.java:24] org.springframework.web.filter.CharacterEncodingFilter.doFilterInternal(CharacterEncodingFilter.java:201)
2024-06-24 20:07:40,492 ERROR [http-nio-8080-exec-7] c.n.c.c.a.ExceptionAdvice [ExceptionAdvice.java:24] org.springframework.web.filter.OncePerRequestFilter.doFilter(OncePerRequestFilter.java:117)
2024-06-24 20:07:40,492 ERROR [http-nio-8080-exec-7] c.n.c.c.a.ExceptionAdvice [ExceptionAdvice.java:24] org.apache.catalina.core.ApplicationFilterChain.internalDoFilter(ApplicationFilterChain.java:189)
2024-06-24 20:07:40,492 ERROR [http-nio-8080-exec-7] c.n.c.c.a.ExceptionAdvice [ExceptionAdvice.java:24] org.apache.catalina.core.ApplicationFilterChain.doFilter(ApplicationFilterChain.java:162)
2024-06-24 20:07:40,492 ERROR [http-nio-8080-exec-7] c.n.c.c.a.ExceptionAdvice [ExceptionAdvice.java:24] org.apache.catalina.core.StandardWrapperValve.invoke(StandardWrapperValve.java:197)
2024-06-24 20:07:40,492 ERROR [http-nio-8080-exec-7] c.n.c.c.a.ExceptionAdvice [ExceptionAdvice.java:24] org.apache.catalina.core.StandardContextValve.invoke(StandardContextValve.java:97)
2024-06-24 20:07:40,492 ERROR [http-nio-8080-exec-7] c.n.c.c.a.ExceptionAdvice [ExceptionAdvice.java:24] org.apache.catalina.authenticator.AuthenticatorBase.invoke(AuthenticatorBase.java:541)
2024-06-24 20:07:40,493 ERROR [http-nio-8080-exec-7] c.n.c.c.a.ExceptionAdvice [ExceptionAdvice.java:24] org.apache.catalina.core.StandardHostValve.invoke(StandardHostValve.java:135)
2024-06-24 20:07:40,493 ERROR [http-nio-8080-exec-7] c.n.c.c.a.ExceptionAdvice [ExceptionAdvice.java:24] org.apache.catalina.valves.ErrorReportValve.invoke(ErrorReportValve.java:92)
2024-06-24 20:07:40,493 ERROR [http-nio-8080-exec-7] c.n.c.c.a.ExceptionAdvice [ExceptionAdvice.java:24] org.apache.catalina.core.StandardEngineValve.invoke(StandardEngineValve.java:78)
2024-06-24 20:07:40,493 ERROR [http-nio-8080-exec-7] c.n.c.c.a.ExceptionAdvice [ExceptionAdvice.java:24] org.apache.catalina.connector.CoyoteAdapter.service(CoyoteAdapter.java:360)
2024-06-24 20:07:40,493 ERROR [http-nio-8080-exec-7] c.n.c.c.a.ExceptionAdvice [ExceptionAdvice.java:24] org.apache.coyote.http11.Http11Processor.service(Http11Processor.java:399)
2024-06-24 20:07:40,493 ERROR [http-nio-8080-exec-7] c.n.c.c.a.ExceptionAdvice [ExceptionAdvice.java:24] org.apache.coyote.AbstractProcessorLight.process(AbstractProcessorLight.java:65)
2024-06-24 20:07:40,493 ERROR [http-nio-8080-exec-7] c.n.c.c.a.ExceptionAdvice [ExceptionAdvice.java:24] org.apache.coyote.AbstractProtocol$ConnectionHandler.process(AbstractProtocol.java:893)
2024-06-24 20:07:40,493 ERROR [http-nio-8080-exec-7] c.n.c.c.a.ExceptionAdvice [ExceptionAdvice.java:24] org.apache.tomcat.util.net.NioEndpoint$SocketProcessor.doRun(NioEndpoint.java:1789)
2024-06-24 20:07:40,493 ERROR [http-nio-8080-exec-7] c.n.c.c.a.ExceptionAdvice [ExceptionAdvice.java:24] org.apache.tomcat.util.net.SocketProcessorBase.run(SocketProcessorBase.java:49)
2024-06-24 20:07:40,493 ERROR [http-nio-8080-exec-7] c.n.c.c.a.ExceptionAdvice [ExceptionAdvice.java:24] org.apache.tomcat.util.threads.ThreadPoolExecutor.runWorker(ThreadPoolExecutor.java:1191)
2024-06-24 20:07:40,493 ERROR [http-nio-8080-exec-7] c.n.c.c.a.ExceptionAdvice [ExceptionAdvice.java:24] org.apache.tomcat.util.threads.ThreadPoolExecutor$Worker.run(ThreadPoolExecutor.java:659)
2024-06-24 20:07:40,494 ERROR [http-nio-8080-exec-7] c.n.c.c.a.ExceptionAdvice [ExceptionAdvice.java:24] org.apache.tomcat.util.threads.TaskThread$WrappingRunnable.run(TaskThread.java:61)
2024-06-24 20:07:40,494 ERROR [http-nio-8080-exec-7] c.n.c.c.a.ExceptionAdvice [ExceptionAdvice.java:24] java.base/java.lang.Thread.run(Thread.java:840)
2024-06-24 20:28:03,566 ERROR [http-nio-8080-exec-6] c.n.c.c.a.ExceptionAdvice [ExceptionAdvice.java:22] 服务器发生异常: 调用Python脚本失败
2024-06-24 20:28:03,570 ERROR [http-nio-8080-exec-6] c.n.c.c.a.ExceptionAdvice [ExceptionAdvice.java:24] com.nowcoder.community.service.TaskService.getTaskResult(TaskService.java:164)
2024-06-24 20:28:03,570 ERROR [http-nio-8080-exec-6] c.n.c.c.a.ExceptionAdvice [ExceptionAdvice.java:24] com.nowcoder.community.service.TaskService$$FastClassBySpringCGLIB$$12f47880.invoke(<generated>)
2024-06-24 20:28:03,570 ERROR [http-nio-8080-exec-6] c.n.c.c.a.ExceptionAdvice [ExceptionAdvice.java:24] org.springframework.cglib.proxy.MethodProxy.invoke(MethodProxy.java:218)
2024-06-24 20:28:03,570 ERROR [http-nio-8080-exec-6] c.n.c.c.a.ExceptionAdvice [ExceptionAdvice.java:24] org.springframework.aop.framework.CglibAopProxy$CglibMethodInvocation.invokeJoinpoint(CglibAopProxy.java:793)
2024-06-24 20:28:03,570 ERROR [http-nio-8080-exec-6] c.n.c.c.a.ExceptionAdvice [ExceptionAdvice.java:24] org.springframework.aop.framework.ReflectiveMethodInvocation.proceed(ReflectiveMethodInvocation.java:163)
2024-06-24 20:28:03,571 ERROR [http-nio-8080-exec-6] c.n.c.c.a.ExceptionAdvice [ExceptionAdvice.java:24] org.springframework.aop.framework.CglibAopProxy$CglibMethodInvocation.proceed(CglibAopProxy.java:763)
2024-06-24 20:28:03,571 ERROR [http-nio-8080-exec-6] c.n.c.c.a.ExceptionAdvice [ExceptionAdvice.java:24] org.springframework.aop.framework.adapter.MethodBeforeAdviceInterceptor.invoke(MethodBeforeAdviceInterceptor.java:58)
2024-06-24 20:28:03,571 ERROR [http-nio-8080-exec-6] c.n.c.c.a.ExceptionAdvice [ExceptionAdvice.java:24] org.springframework.aop.framework.ReflectiveMethodInvocation.proceed(ReflectiveMethodInvocation.java:186)
2024-06-24 20:28:03,571 ERROR [http-nio-8080-exec-6] c.n.c.c.a.ExceptionAdvice [ExceptionAdvice.java:24] org.springframework.aop.framework.CglibAopProxy$CglibMethodInvocation.proceed(CglibAopProxy.java:763)
2024-06-24 20:28:03,571 ERROR [http-nio-8080-exec-6] c.n.c.c.a.ExceptionAdvice [ExceptionAdvice.java:24] org.springframework.aop.interceptor.ExposeInvocationInterceptor.invoke(ExposeInvocationInterceptor.java:97)
2024-06-24 20:28:03,571 ERROR [http-nio-8080-exec-6] c.n.c.c.a.ExceptionAdvice [ExceptionAdvice.java:24] org.springframework.aop.framework.ReflectiveMethodInvocation.proceed(ReflectiveMethodInvocation.java:186)
2024-06-24 20:28:03,572 ERROR [http-nio-8080-exec-6] c.n.c.c.a.ExceptionAdvice [ExceptionAdvice.java:24] org.springframework.aop.framework.CglibAopProxy$CglibMethodInvocation.proceed(CglibAopProxy.java:763)
2024-06-24 20:28:03,572 ERROR [http-nio-8080-exec-6] c.n.c.c.a.ExceptionAdvice [ExceptionAdvice.java:24] org.springframework.aop.framework.CglibAopProxy$DynamicAdvisedInterceptor.intercept(CglibAopProxy.java:708)
2024-06-24 20:28:03,572 ERROR [http-nio-8080-exec-6] c.n.c.c.a.ExceptionAdvice [ExceptionAdvice.java:24] com.nowcoder.community.service.TaskService$$EnhancerBySpringCGLIB$$f6a78513.getTaskResult(<generated>)
2024-06-24 20:28:03,572 ERROR [http-nio-8080-exec-6] c.n.c.c.a.ExceptionAdvice [ExceptionAdvice.java:24] com.nowcoder.community.controller.TaskController.showTaskResult(TaskController.java:74)
2024-06-24 20:28:03,572 ERROR [http-nio-8080-exec-6] c.n.c.c.a.ExceptionAdvice [ExceptionAdvice.java:24] java.base/jdk.internal.reflect.NativeMethodAccessorImpl.invoke0(Native Method)
2024-06-24 20:28:03,572 ERROR [http-nio-8080-exec-6] c.n.c.c.a.ExceptionAdvice [ExceptionAdvice.java:24] java.base/jdk.internal.reflect.NativeMethodAccessorImpl.invoke(NativeMethodAccessorImpl.java:77)
2024-06-24 20:28:03,572 ERROR [http-nio-8080-exec-6] c.n.c.c.a.ExceptionAdvice [ExceptionAdvice.java:24] java.base/jdk.internal.reflect.DelegatingMethodAccessorImpl.invoke(DelegatingMethodAccessorImpl.java:43)
2024-06-24 20:28:03,572 ERROR [http-nio-8080-exec-6] c.n.c.c.a.ExceptionAdvice [ExceptionAdvice.java:24] java.base/java.lang.reflect.Method.invoke(Method.java:568)
2024-06-24 20:28:03,572 ERROR [http-nio-8080-exec-6] c.n.c.c.a.ExceptionAdvice [ExceptionAdvice.java:24] org.springframework.web.method.support.InvocableHandlerMethod.doInvoke(InvocableHandlerMethod.java:205)
2024-06-24 20:28:03,572 ERROR [http-nio-8080-exec-6] c.n.c.c.a.ExceptionAdvice [ExceptionAdvice.java:24] org.springframework.web.method.support.InvocableHandlerMethod.invokeForRequest(InvocableHandlerMethod.java:150)
2024-06-24 20:28:03,572 ERROR [http-nio-8080-exec-6] c.n.c.c.a.ExceptionAdvice [ExceptionAdvice.java:24] org.springframework.web.servlet.mvc.method.annotation.ServletInvocableHandlerMethod.invokeAndHandle(ServletInvocableHandlerMethod.java:117)
2024-06-24 20:28:03,573 ERROR [http-nio-8080-exec-6] c.n.c.c.a.ExceptionAdvice [ExceptionAdvice.java:24] org.springframework.web.servlet.mvc.method.annotation.RequestMappingHandlerAdapter.invokeHandlerMethod(RequestMappingHandlerAdapter.java:895)
2024-06-24 20:28:03,573 ERROR [http-nio-8080-exec-6] c.n.c.c.a.ExceptionAdvice [ExceptionAdvice.java:24] org.springframework.web.servlet.mvc.method.annotation.RequestMappingHandlerAdapter.handleInternal(RequestMappingHandlerAdapter.java:808)
2024-06-24 20:28:03,573 ERROR [http-nio-8080-exec-6] c.n.c.c.a.ExceptionAdvice [ExceptionAdvice.java:24] org.springframework.web.servlet.mvc.method.AbstractHandlerMethodAdapter.handle(AbstractHandlerMethodAdapter.java:87)
2024-06-24 20:28:03,573 ERROR [http-nio-8080-exec-6] c.n.c.c.a.ExceptionAdvice [ExceptionAdvice.java:24] org.springframework.web.servlet.DispatcherServlet.doDispatch(DispatcherServlet.java:1071)
2024-06-24 20:28:03,573 ERROR [http-nio-8080-exec-6] c.n.c.c.a.ExceptionAdvice [ExceptionAdvice.java:24] org.springframework.web.servlet.DispatcherServlet.doService(DispatcherServlet.java:964)
2024-06-24 20:28:03,573 ERROR [http-nio-8080-exec-6] c.n.c.c.a.ExceptionAdvice [ExceptionAdvice.java:24] org.springframework.web.servlet.FrameworkServlet.processRequest(FrameworkServlet.java:1006)
2024-06-24 20:28:03,573 ERROR [http-nio-8080-exec-6] c.n.c.c.a.ExceptionAdvice [ExceptionAdvice.java:24] org.springframework.web.servlet.FrameworkServlet.doGet(FrameworkServlet.java:898)
2024-06-24 20:28:03,573 ERROR [http-nio-8080-exec-6] c.n.c.c.a.ExceptionAdvice [ExceptionAdvice.java:24] javax.servlet.http.HttpServlet.service(HttpServlet.java:670)
2024-06-24 20:28:03,573 ERROR [http-nio-8080-exec-6] c.n.c.c.a.ExceptionAdvice [ExceptionAdvice.java:24] org.springframework.web.servlet.FrameworkServlet.service(FrameworkServlet.java:883)
2024-06-24 20:28:03,573 ERROR [http-nio-8080-exec-6] c.n.c.c.a.ExceptionAdvice [ExceptionAdvice.java:24] javax.servlet.http.HttpServlet.service(HttpServlet.java:779)
2024-06-24 20:28:03,573 ERROR [http-nio-8080-exec-6] c.n.c.c.a.ExceptionAdvice [ExceptionAdvice.java:24] org.apache.catalina.core.ApplicationFilterChain.internalDoFilter(ApplicationFilterChain.java:227)
2024-06-24 20:28:03,573 ERROR [http-nio-8080-exec-6] c.n.c.c.a.ExceptionAdvice [ExceptionAdvice.java:24] org.apache.catalina.core.ApplicationFilterChain.doFilter(ApplicationFilterChain.java:162)
2024-06-24 20:28:03,573 ERROR [http-nio-8080-exec-6] c.n.c.c.a.ExceptionAdvice [ExceptionAdvice.java:24] org.apache.tomcat.websocket.server.WsFilter.doFilter(WsFilter.java:53)
2024-06-24 20:28:03,573 ERROR [http-nio-8080-exec-6] c.n.c.c.a.ExceptionAdvice [ExceptionAdvice.java:24] org.apache.catalina.core.ApplicationFilterChain.internalDoFilter(ApplicationFilterChain.java:189)
2024-06-24 20:28:03,573 ERROR [http-nio-8080-exec-6] c.n.c.c.a.ExceptionAdvice [ExceptionAdvice.java:24] org.apache.catalina.core.ApplicationFilterChain.doFilter(ApplicationFilterChain.java:162)
2024-06-24 20:28:03,574 ERROR [http-nio-8080-exec-6] c.n.c.c.a.ExceptionAdvice [ExceptionAdvice.java:24] org.springframework.web.filter.RequestContextFilter.doFilterInternal(RequestContextFilter.java:100)
2024-06-24 20:28:03,574 ERROR [http-nio-8080-exec-6] c.n.c.c.a.ExceptionAdvice [ExceptionAdvice.java:24] org.springframework.web.filter.OncePerRequestFilter.doFilter(OncePerRequestFilter.java:117)
2024-06-24 20:28:03,574 ERROR [http-nio-8080-exec-6] c.n.c.c.a.ExceptionAdvice [ExceptionAdvice.java:24] org.apache.catalina.core.ApplicationFilterChain.internalDoFilter(ApplicationFilterChain.java:189)
2024-06-24 20:28:03,574 ERROR [http-nio-8080-exec-6] c.n.c.c.a.ExceptionAdvice [ExceptionAdvice.java:24] org.apache.catalina.core.ApplicationFilterChain.doFilter(ApplicationFilterChain.java:162)
2024-06-24 20:28:03,574 ERROR [http-nio-8080-exec-6] c.n.c.c.a.ExceptionAdvice [ExceptionAdvice.java:24] org.springframework.web.filter.FormContentFilter.doFilterInternal(FormContentFilter.java:93)
2024-06-24 20:28:03,574 ERROR [http-nio-8080-exec-6] c.n.c.c.a.ExceptionAdvice [ExceptionAdvice.java:24] org.springframework.web.filter.OncePerRequestFilter.doFilter(OncePerRequestFilter.java:117)
2024-06-24 20:28:03,574 ERROR [http-nio-8080-exec-6] c.n.c.c.a.ExceptionAdvice [ExceptionAdvice.java:24] org.apache.catalina.core.ApplicationFilterChain.internalDoFilter(ApplicationFilterChain.java:189)
2024-06-24 20:28:03,574 ERROR [http-nio-8080-exec-6] c.n.c.c.a.ExceptionAdvice [ExceptionAdvice.java:24] org.apache.catalina.core.ApplicationFilterChain.doFilter(ApplicationFilterChain.java:162)
2024-06-24 20:28:03,574 ERROR [http-nio-8080-exec-6] c.n.c.c.a.ExceptionAdvice [ExceptionAdvice.java:24] org.springframework.web.filter.CharacterEncodingFilter.doFilterInternal(CharacterEncodingFilter.java:201)
2024-06-24 20:28:03,574 ERROR [http-nio-8080-exec-6] c.n.c.c.a.ExceptionAdvice [ExceptionAdvice.java:24] org.springframework.web.filter.OncePerRequestFilter.doFilter(OncePerRequestFilter.java:117)
2024-06-24 20:28:03,574 ERROR [http-nio-8080-exec-6] c.n.c.c.a.ExceptionAdvice [ExceptionAdvice.java:24] org.apache.catalina.core.ApplicationFilterChain.internalDoFilter(ApplicationFilterChain.java:189)
2024-06-24 20:28:03,574 ERROR [http-nio-8080-exec-6] c.n.c.c.a.ExceptionAdvice [ExceptionAdvice.java:24] org.apache.catalina.core.ApplicationFilterChain.doFilter(ApplicationFilterChain.java:162)
2024-06-24 20:28:03,574 ERROR [http-nio-8080-exec-6] c.n.c.c.a.ExceptionAdvice [ExceptionAdvice.java:24] org.apache.catalina.core.StandardWrapperValve.invoke(StandardWrapperValve.java:197)
2024-06-24 20:28:03,574 ERROR [http-nio-8080-exec-6] c.n.c.c.a.ExceptionAdvice [ExceptionAdvice.java:24] org.apache.catalina.core.StandardContextValve.invoke(StandardContextValve.java:97)
2024-06-24 20:28:03,574 ERROR [http-nio-8080-exec-6] c.n.c.c.a.ExceptionAdvice [ExceptionAdvice.java:24] org.apache.catalina.authenticator.AuthenticatorBase.invoke(AuthenticatorBase.java:541)
2024-06-24 20:28:03,574 ERROR [http-nio-8080-exec-6] c.n.c.c.a.ExceptionAdvice [ExceptionAdvice.java:24] org.apache.catalina.core.StandardHostValve.invoke(StandardHostValve.java:135)
2024-06-24 20:28:03,574 ERROR [http-nio-8080-exec-6] c.n.c.c.a.ExceptionAdvice [ExceptionAdvice.java:24] org.apache.catalina.valves.ErrorReportValve.invoke(ErrorReportValve.java:92)
2024-06-24 20:28:03,574 ERROR [http-nio-8080-exec-6] c.n.c.c.a.ExceptionAdvice [ExceptionAdvice.java:24] org.apache.catalina.core.StandardEngineValve.invoke(StandardEngineValve.java:78)
2024-06-24 20:28:03,575 ERROR [http-nio-8080-exec-6] c.n.c.c.a.ExceptionAdvice [ExceptionAdvice.java:24] org.apache.catalina.connector.CoyoteAdapter.service(CoyoteAdapter.java:360)
2024-06-24 20:28:03,575 ERROR [http-nio-8080-exec-6] c.n.c.c.a.ExceptionAdvice [ExceptionAdvice.java:24] org.apache.coyote.http11.Http11Processor.service(Http11Processor.java:399)
2024-06-24 20:28:03,575 ERROR [http-nio-8080-exec-6] c.n.c.c.a.ExceptionAdvice [ExceptionAdvice.java:24] org.apache.coyote.AbstractProcessorLight.process(AbstractProcessorLight.java:65)
2024-06-24 20:28:03,575 ERROR [http-nio-8080-exec-6] c.n.c.c.a.ExceptionAdvice [ExceptionAdvice.java:24] org.apache.coyote.AbstractProtocol$ConnectionHandler.process(AbstractProtocol.java:893)
2024-06-24 20:28:03,575 ERROR [http-nio-8080-exec-6] c.n.c.c.a.ExceptionAdvice [ExceptionAdvice.java:24] org.apache.tomcat.util.net.NioEndpoint$SocketProcessor.doRun(NioEndpoint.java:1789)
2024-06-24 20:28:03,575 ERROR [http-nio-8080-exec-6] c.n.c.c.a.ExceptionAdvice [ExceptionAdvice.java:24] org.apache.tomcat.util.net.SocketProcessorBase.run(SocketProcessorBase.java:49)
2024-06-24 20:28:03,575 ERROR [http-nio-8080-exec-6] c.n.c.c.a.ExceptionAdvice [ExceptionAdvice.java:24] org.apache.tomcat.util.threads.ThreadPoolExecutor.runWorker(ThreadPoolExecutor.java:1191)
2024-06-24 20:28:03,575 ERROR [http-nio-8080-exec-6] c.n.c.c.a.ExceptionAdvice [ExceptionAdvice.java:24] org.apache.tomcat.util.threads.ThreadPoolExecutor$Worker.run(ThreadPoolExecutor.java:659)
2024-06-24 20:28:03,575 ERROR [http-nio-8080-exec-6] c.n.c.c.a.ExceptionAdvice [ExceptionAdvice.java:24] org.apache.tomcat.util.threads.TaskThread$WrappingRunnable.run(TaskThread.java:61)
2024-06-24 20:28:03,575 ERROR [http-nio-8080-exec-6] c.n.c.c.a.ExceptionAdvice [ExceptionAdvice.java:24] java.base/java.lang.Thread.run(Thread.java:840)
2024-06-24 21:03:24,215 ERROR [http-nio-8080-exec-1] c.n.c.c.a.ExceptionAdvice [ExceptionAdvice.java:22] 服务器发生异常: 调用Python脚本失败
2024-06-24 21:03:24,219 ERROR [http-nio-8080-exec-1] c.n.c.c.a.ExceptionAdvice [ExceptionAdvice.java:24] com.nowcoder.community.service.TaskService.getTaskResult(TaskService.java:164)
2024-06-24 21:03:24,219 ERROR [http-nio-8080-exec-1] c.n.c.c.a.ExceptionAdvice [ExceptionAdvice.java:24] com.nowcoder.community.service.TaskService$$FastClassBySpringCGLIB$$12f47880.invoke(<generated>)
2024-06-24 21:03:24,220 ERROR [http-nio-8080-exec-1] c.n.c.c.a.ExceptionAdvice [ExceptionAdvice.java:24] org.springframework.cglib.proxy.MethodProxy.invoke(MethodProxy.java:218)
2024-06-24 21:03:24,220 ERROR [http-nio-8080-exec-1] c.n.c.c.a.ExceptionAdvice [ExceptionAdvice.java:24] org.springframework.aop.framework.CglibAopProxy$CglibMethodInvocation.invokeJoinpoint(CglibAopProxy.java:793)
2024-06-24 21:03:24,220 ERROR [http-nio-8080-exec-1] c.n.c.c.a.ExceptionAdvice [ExceptionAdvice.java:24] org.springframework.aop.framework.ReflectiveMethodInvocation.proceed(ReflectiveMethodInvocation.java:163)
2024-06-24 21:03:24,220 ERROR [http-nio-8080-exec-1] c.n.c.c.a.ExceptionAdvice [ExceptionAdvice.java:24] org.springframework.aop.framework.CglibAopProxy$CglibMethodInvocation.proceed(CglibAopProxy.java:763)
2024-06-24 21:03:24,220 ERROR [http-nio-8080-exec-1] c.n.c.c.a.ExceptionAdvice [ExceptionAdvice.java:24] org.springframework.aop.framework.adapter.MethodBeforeAdviceInterceptor.invoke(MethodBeforeAdviceInterceptor.java:58)
2024-06-24 21:03:24,220 ERROR [http-nio-8080-exec-1] c.n.c.c.a.ExceptionAdvice [ExceptionAdvice.java:24] org.springframework.aop.framework.ReflectiveMethodInvocation.proceed(ReflectiveMethodInvocation.java:186)
2024-06-24 21:03:24,220 ERROR [http-nio-8080-exec-1] c.n.c.c.a.ExceptionAdvice [ExceptionAdvice.java:24] org.springframework.aop.framework.CglibAopProxy$CglibMethodInvocation.proceed(CglibAopProxy.java:763)
2024-06-24 21:03:24,220 ERROR [http-nio-8080-exec-1] c.n.c.c.a.ExceptionAdvice [ExceptionAdvice.java:24] org.springframework.aop.interceptor.ExposeInvocationInterceptor.invoke(ExposeInvocationInterceptor.java:97)
2024-06-24 21:03:24,220 ERROR [http-nio-8080-exec-1] c.n.c.c.a.ExceptionAdvice [ExceptionAdvice.java:24] org.springframework.aop.framework.ReflectiveMethodInvocation.proceed(ReflectiveMethodInvocation.java:186)
2024-06-24 21:03:24,220 ERROR [http-nio-8080-exec-1] c.n.c.c.a.ExceptionAdvice [ExceptionAdvice.java:24] org.springframework.aop.framework.CglibAopProxy$CglibMethodInvocation.proceed(CglibAopProxy.java:763)
2024-06-24 21:03:24,220 ERROR [http-nio-8080-exec-1] c.n.c.c.a.ExceptionAdvice [ExceptionAdvice.java:24] org.springframework.aop.framework.CglibAopProxy$DynamicAdvisedInterceptor.intercept(CglibAopProxy.java:708)
2024-06-24 21:03:24,220 ERROR [http-nio-8080-exec-1] c.n.c.c.a.ExceptionAdvice [ExceptionAdvice.java:24] com.nowcoder.community.service.TaskService$$EnhancerBySpringCGLIB$$c33988c4.getTaskResult(<generated>)
2024-06-24 21:03:24,220 ERROR [http-nio-8080-exec-1] c.n.c.c.a.ExceptionAdvice [ExceptionAdvice.java:24] com.nowcoder.community.controller.TaskController.showTaskResult(TaskController.java:74)
2024-06-24 21:03:24,221 ERROR [http-nio-8080-exec-1] c.n.c.c.a.ExceptionAdvice [ExceptionAdvice.java:24] java.base/jdk.internal.reflect.NativeMethodAccessorImpl.invoke0(Native Method)
2024-06-24 21:03:24,221 ERROR [http-nio-8080-exec-1] c.n.c.c.a.ExceptionAdvice [ExceptionAdvice.java:24] java.base/jdk.internal.reflect.NativeMethodAccessorImpl.invoke(NativeMethodAccessorImpl.java:77)
2024-06-24 21:03:24,221 ERROR [http-nio-8080-exec-1] c.n.c.c.a.ExceptionAdvice [ExceptionAdvice.java:24] java.base/jdk.internal.reflect.DelegatingMethodAccessorImpl.invoke(DelegatingMethodAccessorImpl.java:43)
2024-06-24 21:03:24,221 ERROR [http-nio-8080-exec-1] c.n.c.c.a.ExceptionAdvice [ExceptionAdvice.java:24] java.base/java.lang.reflect.Method.invoke(Method.java:568)
2024-06-24 21:03:24,221 ERROR [http-nio-8080-exec-1] c.n.c.c.a.ExceptionAdvice [ExceptionAdvice.java:24] org.springframework.web.method.support.InvocableHandlerMethod.doInvoke(InvocableHandlerMethod.java:205)
2024-06-24 21:03:24,221 ERROR [http-nio-8080-exec-1] c.n.c.c.a.ExceptionAdvice [ExceptionAdvice.java:24] org.springframework.web.method.support.InvocableHandlerMethod.invokeForRequest(InvocableHandlerMethod.java:150)
2024-06-24 21:03:24,221 ERROR [http-nio-8080-exec-1] c.n.c.c.a.ExceptionAdvice [ExceptionAdvice.java:24] org.springframework.web.servlet.mvc.method.annotation.ServletInvocableHandlerMethod.invokeAndHandle(ServletInvocableHandlerMethod.java:117)
2024-06-24 21:03:24,221 ERROR [http-nio-8080-exec-1] c.n.c.c.a.ExceptionAdvice [ExceptionAdvice.java:24] org.springframework.web.servlet.mvc.method.annotation.RequestMappingHandlerAdapter.invokeHandlerMethod(RequestMappingHandlerAdapter.java:895)
2024-06-24 21:03:24,221 ERROR [http-nio-8080-exec-1] c.n.c.c.a.ExceptionAdvice [ExceptionAdvice.java:24] org.springframework.web.servlet.mvc.method.annotation.RequestMappingHandlerAdapter.handleInternal(RequestMappingHandlerAdapter.java:808)
2024-06-24 21:03:24,221 ERROR [http-nio-8080-exec-1] c.n.c.c.a.ExceptionAdvice [ExceptionAdvice.java:24] org.springframework.web.servlet.mvc.method.AbstractHandlerMethodAdapter.handle(AbstractHandlerMethodAdapter.java:87)
2024-06-24 21:03:24,221 ERROR [http-nio-8080-exec-1] c.n.c.c.a.ExceptionAdvice [ExceptionAdvice.java:24] org.springframework.web.servlet.DispatcherServlet.doDispatch(DispatcherServlet.java:1071)
2024-06-24 21:03:24,221 ERROR [http-nio-8080-exec-1] c.n.c.c.a.ExceptionAdvice [ExceptionAdvice.java:24] org.springframework.web.servlet.DispatcherServlet.doService(DispatcherServlet.java:964)
2024-06-24 21:03:24,221 ERROR [http-nio-8080-exec-1] c.n.c.c.a.ExceptionAdvice [ExceptionAdvice.java:24] org.springframework.web.servlet.FrameworkServlet.processRequest(FrameworkServlet.java:1006)
2024-06-24 21:03:24,221 ERROR [http-nio-8080-exec-1] c.n.c.c.a.ExceptionAdvice [ExceptionAdvice.java:24] org.springframework.web.servlet.FrameworkServlet.doGet(FrameworkServlet.java:898)
2024-06-24 21:03:24,221 ERROR [http-nio-8080-exec-1] c.n.c.c.a.ExceptionAdvice [ExceptionAdvice.java:24] javax.servlet.http.HttpServlet.service(HttpServlet.java:670)
2024-06-24 21:03:24,222 ERROR [http-nio-8080-exec-1] c.n.c.c.a.ExceptionAdvice [ExceptionAdvice.java:24] org.springframework.web.servlet.FrameworkServlet.service(FrameworkServlet.java:883)
2024-06-24 21:03:24,222 ERROR [http-nio-8080-exec-1] c.n.c.c.a.ExceptionAdvice [ExceptionAdvice.java:24] javax.servlet.http.HttpServlet.service(HttpServlet.java:779)
2024-06-24 21:03:24,222 ERROR [http-nio-8080-exec-1] c.n.c.c.a.ExceptionAdvice [ExceptionAdvice.java:24] org.apache.catalina.core.ApplicationFilterChain.internalDoFilter(ApplicationFilterChain.java:227)
2024-06-24 21:03:24,222 ERROR [http-nio-8080-exec-1] c.n.c.c.a.ExceptionAdvice [ExceptionAdvice.java:24] org.apache.catalina.core.ApplicationFilterChain.doFilter(ApplicationFilterChain.java:162)
2024-06-24 21:03:24,222 ERROR [http-nio-8080-exec-1] c.n.c.c.a.ExceptionAdvice [ExceptionAdvice.java:24] org.apache.tomcat.websocket.server.WsFilter.doFilter(WsFilter.java:53)
2024-06-24 21:03:24,222 ERROR [http-nio-8080-exec-1] c.n.c.c.a.ExceptionAdvice [ExceptionAdvice.java:24] org.apache.catalina.core.ApplicationFilterChain.internalDoFilter(ApplicationFilterChain.java:189)
2024-06-24 21:03:24,222 ERROR [http-nio-8080-exec-1] c.n.c.c.a.ExceptionAdvice [ExceptionAdvice.java:24] org.apache.catalina.core.ApplicationFilterChain.doFilter(ApplicationFilterChain.java:162)
2024-06-24 21:03:24,222 ERROR [http-nio-8080-exec-1] c.n.c.c.a.ExceptionAdvice [ExceptionAdvice.java:24] org.springframework.web.filter.RequestContextFilter.doFilterInternal(RequestContextFilter.java:100)
2024-06-24 21:03:24,222 ERROR [http-nio-8080-exec-1] c.n.c.c.a.ExceptionAdvice [ExceptionAdvice.java:24] org.springframework.web.filter.OncePerRequestFilter.doFilter(OncePerRequestFilter.java:117)
2024-06-24 21:03:24,222 ERROR [http-nio-8080-exec-1] c.n.c.c.a.ExceptionAdvice [ExceptionAdvice.java:24] org.apache.catalina.core.ApplicationFilterChain.internalDoFilter(ApplicationFilterChain.java:189)
2024-06-24 21:03:24,222 ERROR [http-nio-8080-exec-1] c.n.c.c.a.ExceptionAdvice [ExceptionAdvice.java:24] org.apache.catalina.core.ApplicationFilterChain.doFilter(ApplicationFilterChain.java:162)
2024-06-24 21:03:24,222 ERROR [http-nio-8080-exec-1] c.n.c.c.a.ExceptionAdvice [ExceptionAdvice.java:24] org.springframework.web.filter.FormContentFilter.doFilterInternal(FormContentFilter.java:93)
2024-06-24 21:03:24,222 ERROR [http-nio-8080-exec-1] c.n.c.c.a.ExceptionAdvice [ExceptionAdvice.java:24] org.springframework.web.filter.OncePerRequestFilter.doFilter(OncePerRequestFilter.java:117)
2024-06-24 21:03:24,222 ERROR [http-nio-8080-exec-1] c.n.c.c.a.ExceptionAdvice [ExceptionAdvice.java:24] org.apache.catalina.core.ApplicationFilterChain.internalDoFilter(ApplicationFilterChain.java:189)
2024-06-24 21:03:24,222 ERROR [http-nio-8080-exec-1] c.n.c.c.a.ExceptionAdvice [ExceptionAdvice.java:24] org.apache.catalina.core.ApplicationFilterChain.doFilter(ApplicationFilterChain.java:162)
2024-06-24 21:03:24,222 ERROR [http-nio-8080-exec-1] c.n.c.c.a.ExceptionAdvice [ExceptionAdvice.java:24] org.springframework.web.filter.CharacterEncodingFilter.doFilterInternal(CharacterEncodingFilter.java:201)
2024-06-24 21:03:24,222 ERROR [http-nio-8080-exec-1] c.n.c.c.a.ExceptionAdvice [ExceptionAdvice.java:24] org.springframework.web.filter.OncePerRequestFilter.doFilter(OncePerRequestFilter.java:117)
2024-06-24 21:03:24,223 ERROR [http-nio-8080-exec-1] c.n.c.c.a.ExceptionAdvice [ExceptionAdvice.java:24] org.apache.catalina.core.ApplicationFilterChain.internalDoFilter(ApplicationFilterChain.java:189)
2024-06-24 21:03:24,223 ERROR [http-nio-8080-exec-1] c.n.c.c.a.ExceptionAdvice [ExceptionAdvice.java:24] org.apache.catalina.core.ApplicationFilterChain.doFilter(ApplicationFilterChain.java:162)
2024-06-24 21:03:24,223 ERROR [http-nio-8080-exec-1] c.n.c.c.a.ExceptionAdvice [ExceptionAdvice.java:24] org.apache.catalina.core.StandardWrapperValve.invoke(StandardWrapperValve.java:197)
2024-06-24 21:03:24,223 ERROR [http-nio-8080-exec-1] c.n.c.c.a.ExceptionAdvice [ExceptionAdvice.java:24] org.apache.catalina.core.StandardContextValve.invoke(StandardContextValve.java:97)
2024-06-24 21:03:24,223 ERROR [http-nio-8080-exec-1] c.n.c.c.a.ExceptionAdvice [ExceptionAdvice.java:24] org.apache.catalina.authenticator.AuthenticatorBase.invoke(AuthenticatorBase.java:541)
2024-06-24 21:03:24,223 ERROR [http-nio-8080-exec-1] c.n.c.c.a.ExceptionAdvice [ExceptionAdvice.java:24] org.apache.catalina.core.StandardHostValve.invoke(StandardHostValve.java:135)
2024-06-24 21:03:24,223 ERROR [http-nio-8080-exec-1] c.n.c.c.a.ExceptionAdvice [ExceptionAdvice.java:24] org.apache.catalina.valves.ErrorReportValve.invoke(ErrorReportValve.java:92)
2024-06-24 21:03:24,223 ERROR [http-nio-8080-exec-1] c.n.c.c.a.ExceptionAdvice [ExceptionAdvice.java:24] org.apache.catalina.core.StandardEngineValve.invoke(StandardEngineValve.java:78)
2024-06-24 21:03:24,223 ERROR [http-nio-8080-exec-1] c.n.c.c.a.ExceptionAdvice [ExceptionAdvice.java:24] org.apache.catalina.connector.CoyoteAdapter.service(CoyoteAdapter.java:360)
2024-06-24 21:03:24,223 ERROR [http-nio-8080-exec-1] c.n.c.c.a.ExceptionAdvice [ExceptionAdvice.java:24] org.apache.coyote.http11.Http11Processor.service(Http11Processor.java:399)
2024-06-24 21:03:24,223 ERROR [http-nio-8080-exec-1] c.n.c.c.a.ExceptionAdvice [ExceptionAdvice.java:24] org.apache.coyote.AbstractProcessorLight.process(AbstractProcessorLight.java:65)
2024-06-24 21:03:24,223 ERROR [http-nio-8080-exec-1] c.n.c.c.a.ExceptionAdvice [ExceptionAdvice.java:24] org.apache.coyote.AbstractProtocol$ConnectionHandler.process(AbstractProtocol.java:893)
2024-06-24 21:03:24,223 ERROR [http-nio-8080-exec-1] c.n.c.c.a.ExceptionAdvice [ExceptionAdvice.java:24] org.apache.tomcat.util.net.NioEndpoint$SocketProcessor.doRun(NioEndpoint.java:1789)
2024-06-24 21:03:24,223 ERROR [http-nio-8080-exec-1] c.n.c.c.a.ExceptionAdvice [ExceptionAdvice.java:24] org.apache.tomcat.util.net.SocketProcessorBase.run(SocketProcessorBase.java:49)
2024-06-24 21:03:24,223 ERROR [http-nio-8080-exec-1] c.n.c.c.a.ExceptionAdvice [ExceptionAdvice.java:24] org.apache.tomcat.util.threads.ThreadPoolExecutor.runWorker(ThreadPoolExecutor.java:1191)
2024-06-24 21:03:24,223 ERROR [http-nio-8080-exec-1] c.n.c.c.a.ExceptionAdvice [ExceptionAdvice.java:24] org.apache.tomcat.util.threads.ThreadPoolExecutor$Worker.run(ThreadPoolExecutor.java:659)
2024-06-24 21:03:24,223 ERROR [http-nio-8080-exec-1] c.n.c.c.a.ExceptionAdvice [ExceptionAdvice.java:24] org.apache.tomcat.util.threads.TaskThread$WrappingRunnable.run(TaskThread.java:61)
2024-06-24 21:03:24,224 ERROR [http-nio-8080-exec-1] c.n.c.c.a.ExceptionAdvice [ExceptionAdvice.java:24] java.base/java.lang.Thread.run(Thread.java:840)
2024-06-24 22:02:18,056 ERROR [http-nio-8080-exec-6] c.n.c.c.a.ExceptionAdvice [ExceptionAdvice.java:22] 服务器发生异常: 
### Error querying database.  Cause: java.sql.SQLSyntaxErrorException: Table 'stock.stocks' doesn't exist
### The error may exist in com/nowcoder/community/dao/StockMapper.java (best guess)
### The error may involve defaultParameterMap
### The error occurred while setting parameters
### SQL: SELECT id, name, code FROM stocks
### Cause: java.sql.SQLSyntaxErrorException: Table 'stock.stocks' doesn't exist
; bad SQL grammar []; nested exception is java.sql.SQLSyntaxErrorException: Table 'stock.stocks' doesn't exist
2024-06-24 22:02:18,056 ERROR [http-nio-8080-exec-9] c.n.c.c.a.ExceptionAdvice [ExceptionAdvice.java:22] 服务器发生异常: 
### Error querying database.  Cause: java.sql.SQLSyntaxErrorException: Table 'stock.user_stocks' doesn't exist
### The error may exist in com/nowcoder/community/dao/UserStockMapper.java (best guess)
### The error may involve com.nowcoder.community.dao.UserStockMapper.selectUserStocksByUserId-Inline
### The error occurred while setting parameters
### SQL: SELECT * FROM user_stocks WHERE user_id = ?
### Cause: java.sql.SQLSyntaxErrorException: Table 'stock.user_stocks' doesn't exist
; bad SQL grammar []; nested exception is java.sql.SQLSyntaxErrorException: Table 'stock.user_stocks' doesn't exist
2024-06-24 22:02:18,065 ERROR [http-nio-8080-exec-6] c.n.c.c.a.ExceptionAdvice [ExceptionAdvice.java:24] org.springframework.jdbc.support.SQLErrorCodeSQLExceptionTranslator.doTranslate(SQLErrorCodeSQLExceptionTranslator.java:239)
2024-06-24 22:02:18,065 ERROR [http-nio-8080-exec-6] c.n.c.c.a.ExceptionAdvice [ExceptionAdvice.java:24] org.springframework.jdbc.support.AbstractFallbackSQLExceptionTranslator.translate(AbstractFallbackSQLExceptionTranslator.java:70)
2024-06-24 22:02:18,065 ERROR [http-nio-8080-exec-9] c.n.c.c.a.ExceptionAdvice [ExceptionAdvice.java:24] org.springframework.jdbc.support.SQLErrorCodeSQLExceptionTranslator.doTranslate(SQLErrorCodeSQLExceptionTranslator.java:239)
2024-06-24 22:02:18,065 ERROR [http-nio-8080-exec-6] c.n.c.c.a.ExceptionAdvice [ExceptionAdvice.java:24] org.mybatis.spring.MyBatisExceptionTranslator.translateExceptionIfPossible(MyBatisExceptionTranslator.java:92)
2024-06-24 22:02:18,065 ERROR [http-nio-8080-exec-6] c.n.c.c.a.ExceptionAdvice [ExceptionAdvice.java:24] org.mybatis.spring.SqlSessionTemplate$SqlSessionInterceptor.invoke(SqlSessionTemplate.java:439)
2024-06-24 22:02:18,065 ERROR [http-nio-8080-exec-6] c.n.c.c.a.ExceptionAdvice [ExceptionAdvice.java:24] jdk.proxy2/jdk.proxy2.$Proxy109.selectList(Unknown Source)
2024-06-24 22:02:18,065 ERROR [http-nio-8080-exec-6] c.n.c.c.a.ExceptionAdvice [ExceptionAdvice.java:24] org.mybatis.spring.SqlSessionTemplate.selectList(SqlSessionTemplate.java:224)
2024-06-24 22:02:18,065 ERROR [http-nio-8080-exec-6] c.n.c.c.a.ExceptionAdvice [ExceptionAdvice.java:24] org.apache.ibatis.binding.MapperMethod.executeForMany(MapperMethod.java:147)
2024-06-24 22:02:18,065 ERROR [http-nio-8080-exec-9] c.n.c.c.a.ExceptionAdvice [ExceptionAdvice.java:24] org.springframework.jdbc.support.AbstractFallbackSQLExceptionTranslator.translate(AbstractFallbackSQLExceptionTranslator.java:70)
2024-06-24 22:02:18,065 ERROR [http-nio-8080-exec-6] c.n.c.c.a.ExceptionAdvice [ExceptionAdvice.java:24] org.apache.ibatis.binding.MapperMethod.execute(MapperMethod.java:80)
2024-06-24 22:02:18,065 ERROR [http-nio-8080-exec-6] c.n.c.c.a.ExceptionAdvice [ExceptionAdvice.java:24] org.apache.ibatis.binding.MapperProxy$PlainMethodInvoker.invoke(MapperProxy.java:145)
2024-06-24 22:02:18,065 ERROR [http-nio-8080-exec-9] c.n.c.c.a.ExceptionAdvice [ExceptionAdvice.java:24] org.mybatis.spring.MyBatisExceptionTranslator.translateExceptionIfPossible(MyBatisExceptionTranslator.java:92)
2024-06-24 22:02:18,065 ERROR [http-nio-8080-exec-6] c.n.c.c.a.ExceptionAdvice [ExceptionAdvice.java:24] org.apache.ibatis.binding.MapperProxy.invoke(MapperProxy.java:86)
2024-06-24 22:02:18,065 ERROR [http-nio-8080-exec-9] c.n.c.c.a.ExceptionAdvice [ExceptionAdvice.java:24] org.mybatis.spring.SqlSessionTemplate$SqlSessionInterceptor.invoke(SqlSessionTemplate.java:439)
2024-06-24 22:02:18,065 ERROR [http-nio-8080-exec-6] c.n.c.c.a.ExceptionAdvice [ExceptionAdvice.java:24] jdk.proxy4/jdk.proxy4.$Proxy131.selectAllStocks(Unknown Source)
2024-06-24 22:02:18,065 ERROR [http-nio-8080-exec-6] c.n.c.c.a.ExceptionAdvice [ExceptionAdvice.java:24] com.nowcoder.community.service.StockService.findAllStocks(StockService.java:39)
2024-06-24 22:02:18,065 ERROR [http-nio-8080-exec-9] c.n.c.c.a.ExceptionAdvice [ExceptionAdvice.java:24] jdk.proxy2/jdk.proxy2.$Proxy109.selectList(Unknown Source)
2024-06-24 22:02:18,066 ERROR [http-nio-8080-exec-6] c.n.c.c.a.ExceptionAdvice [ExceptionAdvice.java:24] com.nowcoder.community.service.StockService$$FastClassBySpringCGLIB$$cc23a5af.invoke(<generated>)
2024-06-24 22:02:18,066 ERROR [http-nio-8080-exec-6] c.n.c.c.a.ExceptionAdvice [ExceptionAdvice.java:24] org.springframework.cglib.proxy.MethodProxy.invoke(MethodProxy.java:218)
2024-06-24 22:02:18,066 ERROR [http-nio-8080-exec-6] c.n.c.c.a.ExceptionAdvice [ExceptionAdvice.java:24] org.springframework.aop.framework.CglibAopProxy$CglibMethodInvocation.invokeJoinpoint(CglibAopProxy.java:793)
2024-06-24 22:02:18,066 ERROR [http-nio-8080-exec-9] c.n.c.c.a.ExceptionAdvice [ExceptionAdvice.java:24] org.mybatis.spring.SqlSessionTemplate.selectList(SqlSessionTemplate.java:224)
2024-06-24 22:02:18,066 ERROR [http-nio-8080-exec-6] c.n.c.c.a.ExceptionAdvice [ExceptionAdvice.java:24] org.springframework.aop.framework.ReflectiveMethodInvocation.proceed(ReflectiveMethodInvocation.java:163)
2024-06-24 22:02:18,066 ERROR [http-nio-8080-exec-6] c.n.c.c.a.ExceptionAdvice [ExceptionAdvice.java:24] org.springframework.aop.framework.CglibAopProxy$CglibMethodInvocation.proceed(CglibAopProxy.java:763)
2024-06-24 22:02:18,066 ERROR [http-nio-8080-exec-9] c.n.c.c.a.ExceptionAdvice [ExceptionAdvice.java:24] org.apache.ibatis.binding.MapperMethod.executeForMany(MapperMethod.java:147)
2024-06-24 22:02:18,066 ERROR [http-nio-8080-exec-6] c.n.c.c.a.ExceptionAdvice [ExceptionAdvice.java:24] org.springframework.aop.framework.adapter.MethodBeforeAdviceInterceptor.invoke(MethodBeforeAdviceInterceptor.java:58)
2024-06-24 22:02:18,066 ERROR [http-nio-8080-exec-6] c.n.c.c.a.ExceptionAdvice [ExceptionAdvice.java:24] org.springframework.aop.framework.ReflectiveMethodInvocation.proceed(ReflectiveMethodInvocation.java:186)
2024-06-24 22:02:18,066 ERROR [http-nio-8080-exec-6] c.n.c.c.a.ExceptionAdvice [ExceptionAdvice.java:24] org.springframework.aop.framework.CglibAopProxy$CglibMethodInvocation.proceed(CglibAopProxy.java:763)
2024-06-24 22:02:18,066 ERROR [http-nio-8080-exec-9] c.n.c.c.a.ExceptionAdvice [ExceptionAdvice.java:24] org.apache.ibatis.binding.MapperMethod.execute(MapperMethod.java:80)
2024-06-24 22:02:18,066 ERROR [http-nio-8080-exec-6] c.n.c.c.a.ExceptionAdvice [ExceptionAdvice.java:24] org.springframework.aop.interceptor.ExposeInvocationInterceptor.invoke(ExposeInvocationInterceptor.java:97)
2024-06-24 22:02:18,066 ERROR [http-nio-8080-exec-6] c.n.c.c.a.ExceptionAdvice [ExceptionAdvice.java:24] org.springframework.aop.framework.ReflectiveMethodInvocation.proceed(ReflectiveMethodInvocation.java:186)
2024-06-24 22:02:18,066 ERROR [http-nio-8080-exec-9] c.n.c.c.a.ExceptionAdvice [ExceptionAdvice.java:24] org.apache.ibatis.binding.MapperProxy$PlainMethodInvoker.invoke(MapperProxy.java:145)
2024-06-24 22:02:18,066 ERROR [http-nio-8080-exec-6] c.n.c.c.a.ExceptionAdvice [ExceptionAdvice.java:24] org.springframework.aop.framework.CglibAopProxy$CglibMethodInvocation.proceed(CglibAopProxy.java:763)
2024-06-24 22:02:18,066 ERROR [http-nio-8080-exec-9] c.n.c.c.a.ExceptionAdvice [ExceptionAdvice.java:24] org.apache.ibatis.binding.MapperProxy.invoke(MapperProxy.java:86)
2024-06-24 22:02:18,066 ERROR [http-nio-8080-exec-6] c.n.c.c.a.ExceptionAdvice [ExceptionAdvice.java:24] org.springframework.aop.framework.CglibAopProxy$DynamicAdvisedInterceptor.intercept(CglibAopProxy.java:708)
2024-06-24 22:02:18,067 ERROR [http-nio-8080-exec-9] c.n.c.c.a.ExceptionAdvice [ExceptionAdvice.java:24] jdk.proxy4/jdk.proxy4.$Proxy134.selectUserStocksByUserId(Unknown Source)
2024-06-24 22:02:18,067 ERROR [http-nio-8080-exec-6] c.n.c.c.a.ExceptionAdvice [ExceptionAdvice.java:24] com.nowcoder.community.service.StockService$$EnhancerBySpringCGLIB$$edb337b2.findAllStocks(<generated>)
2024-06-24 22:02:18,067 ERROR [http-nio-8080-exec-9] c.n.c.c.a.ExceptionAdvice [ExceptionAdvice.java:24] com.nowcoder.community.service.StockService.findUserStocks(StockService.java:100)
2024-06-24 22:02:18,067 ERROR [http-nio-8080-exec-6] c.n.c.c.a.ExceptionAdvice [ExceptionAdvice.java:24] com.nowcoder.community.controller.StockController.getStockData(StockController.java:35)
2024-06-24 22:02:18,067 ERROR [http-nio-8080-exec-9] c.n.c.c.a.ExceptionAdvice [ExceptionAdvice.java:24] com.nowcoder.community.service.StockService$$FastClassBySpringCGLIB$$cc23a5af.invoke(<generated>)
2024-06-24 22:02:18,067 ERROR [http-nio-8080-exec-6] c.n.c.c.a.ExceptionAdvice [ExceptionAdvice.java:24] java.base/jdk.internal.reflect.NativeMethodAccessorImpl.invoke0(Native Method)
2024-06-24 22:02:18,067 ERROR [http-nio-8080-exec-9] c.n.c.c.a.ExceptionAdvice [ExceptionAdvice.java:24] org.springframework.cglib.proxy.MethodProxy.invoke(MethodProxy.java:218)
2024-06-24 22:02:18,067 ERROR [http-nio-8080-exec-6] c.n.c.c.a.ExceptionAdvice [ExceptionAdvice.java:24] java.base/jdk.internal.reflect.NativeMethodAccessorImpl.invoke(NativeMethodAccessorImpl.java:77)
2024-06-24 22:02:18,067 ERROR [http-nio-8080-exec-6] c.n.c.c.a.ExceptionAdvice [ExceptionAdvice.java:24] java.base/jdk.internal.reflect.DelegatingMethodAccessorImpl.invoke(DelegatingMethodAccessorImpl.java:43)
2024-06-24 22:02:18,067 ERROR [http-nio-8080-exec-6] c.n.c.c.a.ExceptionAdvice [ExceptionAdvice.java:24] java.base/java.lang.reflect.Method.invoke(Method.java:568)
2024-06-24 22:02:18,067 ERROR [http-nio-8080-exec-9] c.n.c.c.a.ExceptionAdvice [ExceptionAdvice.java:24] org.springframework.aop.framework.CglibAopProxy$CglibMethodInvocation.invokeJoinpoint(CglibAopProxy.java:793)
2024-06-24 22:02:18,067 ERROR [http-nio-8080-exec-6] c.n.c.c.a.ExceptionAdvice [ExceptionAdvice.java:24] org.springframework.web.method.support.InvocableHandlerMethod.doInvoke(InvocableHandlerMethod.java:205)
2024-06-24 22:02:18,067 ERROR [http-nio-8080-exec-9] c.n.c.c.a.ExceptionAdvice [ExceptionAdvice.java:24] org.springframework.aop.framework.ReflectiveMethodInvocation.proceed(ReflectiveMethodInvocation.java:163)
2024-06-24 22:02:18,067 ERROR [http-nio-8080-exec-6] c.n.c.c.a.ExceptionAdvice [ExceptionAdvice.java:24] org.springframework.web.method.support.InvocableHandlerMethod.invokeForRequest(InvocableHandlerMethod.java:150)
2024-06-24 22:02:18,067 ERROR [http-nio-8080-exec-9] c.n.c.c.a.ExceptionAdvice [ExceptionAdvice.java:24] org.springframework.aop.framework.CglibAopProxy$CglibMethodInvocation.proceed(CglibAopProxy.java:763)
2024-06-24 22:02:18,067 ERROR [http-nio-8080-exec-6] c.n.c.c.a.ExceptionAdvice [ExceptionAdvice.java:24] org.springframework.web.servlet.mvc.method.annotation.ServletInvocableHandlerMethod.invokeAndHandle(ServletInvocableHandlerMethod.java:117)
2024-06-24 22:02:18,067 ERROR [http-nio-8080-exec-6] c.n.c.c.a.ExceptionAdvice [ExceptionAdvice.java:24] org.springframework.web.servlet.mvc.method.annotation.RequestMappingHandlerAdapter.invokeHandlerMethod(RequestMappingHandlerAdapter.java:895)
2024-06-24 22:02:18,067 ERROR [http-nio-8080-exec-6] c.n.c.c.a.ExceptionAdvice [ExceptionAdvice.java:24] org.springframework.web.servlet.mvc.method.annotation.RequestMappingHandlerAdapter.handleInternal(RequestMappingHandlerAdapter.java:808)
2024-06-24 22:02:18,067 ERROR [http-nio-8080-exec-9] c.n.c.c.a.ExceptionAdvice [ExceptionAdvice.java:24] org.springframework.aop.framework.adapter.MethodBeforeAdviceInterceptor.invoke(MethodBeforeAdviceInterceptor.java:58)
2024-06-24 22:02:18,067 ERROR [http-nio-8080-exec-6] c.n.c.c.a.ExceptionAdvice [ExceptionAdvice.java:24] org.springframework.web.servlet.mvc.method.AbstractHandlerMethodAdapter.handle(AbstractHandlerMethodAdapter.java:87)
2024-06-24 22:02:18,067 ERROR [http-nio-8080-exec-9] c.n.c.c.a.ExceptionAdvice [ExceptionAdvice.java:24] org.springframework.aop.framework.ReflectiveMethodInvocation.proceed(ReflectiveMethodInvocation.java:186)
2024-06-24 22:02:18,067 ERROR [http-nio-8080-exec-6] c.n.c.c.a.ExceptionAdvice [ExceptionAdvice.java:24] org.springframework.web.servlet.DispatcherServlet.doDispatch(DispatcherServlet.java:1071)
2024-06-24 22:02:18,067 ERROR [http-nio-8080-exec-9] c.n.c.c.a.ExceptionAdvice [ExceptionAdvice.java:24] org.springframework.aop.framework.CglibAopProxy$CglibMethodInvocation.proceed(CglibAopProxy.java:763)
2024-06-24 22:02:18,067 ERROR [http-nio-8080-exec-6] c.n.c.c.a.ExceptionAdvice [ExceptionAdvice.java:24] org.springframework.web.servlet.DispatcherServlet.doService(DispatcherServlet.java:964)
2024-06-24 22:02:18,067 ERROR [http-nio-8080-exec-9] c.n.c.c.a.ExceptionAdvice [ExceptionAdvice.java:24] org.springframework.aop.interceptor.ExposeInvocationInterceptor.invoke(ExposeInvocationInterceptor.java:97)
2024-06-24 22:02:18,067 ERROR [http-nio-8080-exec-6] c.n.c.c.a.ExceptionAdvice [ExceptionAdvice.java:24] org.springframework.web.servlet.FrameworkServlet.processRequest(FrameworkServlet.java:1006)
2024-06-24 22:02:18,067 ERROR [http-nio-8080-exec-9] c.n.c.c.a.ExceptionAdvice [ExceptionAdvice.java:24] org.springframework.aop.framework.ReflectiveMethodInvocation.proceed(ReflectiveMethodInvocation.java:186)
2024-06-24 22:02:18,067 ERROR [http-nio-8080-exec-6] c.n.c.c.a.ExceptionAdvice [ExceptionAdvice.java:24] org.springframework.web.servlet.FrameworkServlet.doGet(FrameworkServlet.java:898)
2024-06-24 22:02:18,067 ERROR [http-nio-8080-exec-6] c.n.c.c.a.ExceptionAdvice [ExceptionAdvice.java:24] javax.servlet.http.HttpServlet.service(HttpServlet.java:670)
2024-06-24 22:02:18,067 ERROR [http-nio-8080-exec-9] c.n.c.c.a.ExceptionAdvice [ExceptionAdvice.java:24] org.springframework.aop.framework.CglibAopProxy$CglibMethodInvocation.proceed(CglibAopProxy.java:763)
2024-06-24 22:02:18,067 ERROR [http-nio-8080-exec-6] c.n.c.c.a.ExceptionAdvice [ExceptionAdvice.java:24] org.springframework.web.servlet.FrameworkServlet.service(FrameworkServlet.java:883)
2024-06-24 22:02:18,069 ERROR [http-nio-8080-exec-9] c.n.c.c.a.ExceptionAdvice [ExceptionAdvice.java:24] org.springframework.aop.framework.CglibAopProxy$DynamicAdvisedInterceptor.intercept(CglibAopProxy.java:708)
2024-06-24 22:02:18,069 ERROR [http-nio-8080-exec-6] c.n.c.c.a.ExceptionAdvice [ExceptionAdvice.java:24] javax.servlet.http.HttpServlet.service(HttpServlet.java:779)
2024-06-24 22:02:18,069 ERROR [http-nio-8080-exec-9] c.n.c.c.a.ExceptionAdvice [ExceptionAdvice.java:24] com.nowcoder.community.service.StockService$$EnhancerBySpringCGLIB$$edb337b2.findUserStocks(<generated>)
2024-06-24 22:02:18,069 ERROR [http-nio-8080-exec-6] c.n.c.c.a.ExceptionAdvice [ExceptionAdvice.java:24] org.apache.catalina.core.ApplicationFilterChain.internalDoFilter(ApplicationFilterChain.java:227)
2024-06-24 22:02:18,069 ERROR [http-nio-8080-exec-9] c.n.c.c.a.ExceptionAdvice [ExceptionAdvice.java:24] com.nowcoder.community.controller.StockController.getMyFollowingStockData(StockController.java:101)
2024-06-24 22:02:18,069 ERROR [http-nio-8080-exec-6] c.n.c.c.a.ExceptionAdvice [ExceptionAdvice.java:24] org.apache.catalina.core.ApplicationFilterChain.doFilter(ApplicationFilterChain.java:162)
2024-06-24 22:02:18,069 ERROR [http-nio-8080-exec-6] c.n.c.c.a.ExceptionAdvice [ExceptionAdvice.java:24] org.apache.tomcat.websocket.server.WsFilter.doFilter(WsFilter.java:53)
2024-06-24 22:02:18,069 ERROR [http-nio-8080-exec-9] c.n.c.c.a.ExceptionAdvice [ExceptionAdvice.java:24] java.base/jdk.internal.reflect.NativeMethodAccessorImpl.invoke0(Native Method)
2024-06-24 22:02:18,069 ERROR [http-nio-8080-exec-6] c.n.c.c.a.ExceptionAdvice [ExceptionAdvice.java:24] org.apache.catalina.core.ApplicationFilterChain.internalDoFilter(ApplicationFilterChain.java:189)
2024-06-24 22:02:18,069 ERROR [http-nio-8080-exec-9] c.n.c.c.a.ExceptionAdvice [ExceptionAdvice.java:24] java.base/jdk.internal.reflect.NativeMethodAccessorImpl.invoke(NativeMethodAccessorImpl.java:77)
2024-06-24 22:02:18,069 ERROR [http-nio-8080-exec-6] c.n.c.c.a.ExceptionAdvice [ExceptionAdvice.java:24] org.apache.catalina.core.ApplicationFilterChain.doFilter(ApplicationFilterChain.java:162)
2024-06-24 22:02:18,069 ERROR [http-nio-8080-exec-9] c.n.c.c.a.ExceptionAdvice [ExceptionAdvice.java:24] java.base/jdk.internal.reflect.DelegatingMethodAccessorImpl.invoke(DelegatingMethodAccessorImpl.java:43)
2024-06-24 22:02:18,069 ERROR [http-nio-8080-exec-6] c.n.c.c.a.ExceptionAdvice [ExceptionAdvice.java:24] org.springframework.web.filter.RequestContextFilter.doFilterInternal(RequestContextFilter.java:100)
2024-06-24 22:02:18,069 ERROR [http-nio-8080-exec-6] c.n.c.c.a.ExceptionAdvice [ExceptionAdvice.java:24] org.springframework.web.filter.OncePerRequestFilter.doFilter(OncePerRequestFilter.java:117)
2024-06-24 22:02:18,069 ERROR [http-nio-8080-exec-9] c.n.c.c.a.ExceptionAdvice [ExceptionAdvice.java:24] java.base/java.lang.reflect.Method.invoke(Method.java:568)
2024-06-24 22:02:18,069 ERROR [http-nio-8080-exec-6] c.n.c.c.a.ExceptionAdvice [ExceptionAdvice.java:24] org.apache.catalina.core.ApplicationFilterChain.internalDoFilter(ApplicationFilterChain.java:189)
2024-06-24 22:02:18,069 ERROR [http-nio-8080-exec-9] c.n.c.c.a.ExceptionAdvice [ExceptionAdvice.java:24] org.springframework.web.method.support.InvocableHandlerMethod.doInvoke(InvocableHandlerMethod.java:205)
2024-06-24 22:02:18,069 ERROR [http-nio-8080-exec-6] c.n.c.c.a.ExceptionAdvice [ExceptionAdvice.java:24] org.apache.catalina.core.ApplicationFilterChain.doFilter(ApplicationFilterChain.java:162)
2024-06-24 22:02:18,069 ERROR [http-nio-8080-exec-9] c.n.c.c.a.ExceptionAdvice [ExceptionAdvice.java:24] org.springframework.web.method.support.InvocableHandlerMethod.invokeForRequest(InvocableHandlerMethod.java:150)
2024-06-24 22:02:18,069 ERROR [http-nio-8080-exec-6] c.n.c.c.a.ExceptionAdvice [ExceptionAdvice.java:24] org.springframework.web.filter.FormContentFilter.doFilterInternal(FormContentFilter.java:93)
2024-06-24 22:02:18,069 ERROR [http-nio-8080-exec-9] c.n.c.c.a.ExceptionAdvice [ExceptionAdvice.java:24] org.springframework.web.servlet.mvc.method.annotation.ServletInvocableHandlerMethod.invokeAndHandle(ServletInvocableHandlerMethod.java:117)
2024-06-24 22:02:18,069 ERROR [http-nio-8080-exec-6] c.n.c.c.a.ExceptionAdvice [ExceptionAdvice.java:24] org.springframework.web.filter.OncePerRequestFilter.doFilter(OncePerRequestFilter.java:117)
2024-06-24 22:02:18,069 ERROR [http-nio-8080-exec-6] c.n.c.c.a.ExceptionAdvice [ExceptionAdvice.java:24] org.apache.catalina.core.ApplicationFilterChain.internalDoFilter(ApplicationFilterChain.java:189)
2024-06-24 22:02:18,069 ERROR [http-nio-8080-exec-9] c.n.c.c.a.ExceptionAdvice [ExceptionAdvice.java:24] org.springframework.web.servlet.mvc.method.annotation.RequestMappingHandlerAdapter.invokeHandlerMethod(RequestMappingHandlerAdapter.java:895)
2024-06-24 22:02:18,069 ERROR [http-nio-8080-exec-6] c.n.c.c.a.ExceptionAdvice [ExceptionAdvice.java:24] org.apache.catalina.core.ApplicationFilterChain.doFilter(ApplicationFilterChain.java:162)
2024-06-24 22:02:18,069 ERROR [http-nio-8080-exec-9] c.n.c.c.a.ExceptionAdvice [ExceptionAdvice.java:24] org.springframework.web.servlet.mvc.method.annotation.RequestMappingHandlerAdapter.handleInternal(RequestMappingHandlerAdapter.java:808)
2024-06-24 22:02:18,069 ERROR [http-nio-8080-exec-6] c.n.c.c.a.ExceptionAdvice [ExceptionAdvice.java:24] org.springframework.web.filter.CharacterEncodingFilter.doFilterInternal(CharacterEncodingFilter.java:201)
2024-06-24 22:02:18,069 ERROR [http-nio-8080-exec-6] c.n.c.c.a.ExceptionAdvice [ExceptionAdvice.java:24] org.springframework.web.filter.OncePerRequestFilter.doFilter(OncePerRequestFilter.java:117)
2024-06-24 22:02:18,069 ERROR [http-nio-8080-exec-9] c.n.c.c.a.ExceptionAdvice [ExceptionAdvice.java:24] org.springframework.web.servlet.mvc.method.AbstractHandlerMethodAdapter.handle(AbstractHandlerMethodAdapter.java:87)
2024-06-24 22:02:18,069 ERROR [http-nio-8080-exec-6] c.n.c.c.a.ExceptionAdvice [ExceptionAdvice.java:24] org.apache.catalina.core.ApplicationFilterChain.internalDoFilter(ApplicationFilterChain.java:189)
2024-06-24 22:02:18,069 ERROR [http-nio-8080-exec-9] c.n.c.c.a.ExceptionAdvice [ExceptionAdvice.java:24] org.springframework.web.servlet.DispatcherServlet.doDispatch(DispatcherServlet.java:1071)
2024-06-24 22:02:18,069 ERROR [http-nio-8080-exec-6] c.n.c.c.a.ExceptionAdvice [ExceptionAdvice.java:24] org.apache.catalina.core.ApplicationFilterChain.doFilter(ApplicationFilterChain.java:162)
2024-06-24 22:02:18,069 ERROR [http-nio-8080-exec-9] c.n.c.c.a.ExceptionAdvice [ExceptionAdvice.java:24] org.springframework.web.servlet.DispatcherServlet.doService(DispatcherServlet.java:964)
2024-06-24 22:02:18,069 ERROR [http-nio-8080-exec-6] c.n.c.c.a.ExceptionAdvice [ExceptionAdvice.java:24] org.apache.catalina.core.StandardWrapperValve.invoke(StandardWrapperValve.java:197)
2024-06-24 22:02:18,069 ERROR [http-nio-8080-exec-9] c.n.c.c.a.ExceptionAdvice [ExceptionAdvice.java:24] org.springframework.web.servlet.FrameworkServlet.processRequest(FrameworkServlet.java:1006)
2024-06-24 22:02:18,069 ERROR [http-nio-8080-exec-6] c.n.c.c.a.ExceptionAdvice [ExceptionAdvice.java:24] org.apache.catalina.core.StandardContextValve.invoke(StandardContextValve.java:97)
2024-06-24 22:02:18,069 ERROR [http-nio-8080-exec-6] c.n.c.c.a.ExceptionAdvice [ExceptionAdvice.java:24] org.apache.catalina.authenticator.AuthenticatorBase.invoke(AuthenticatorBase.java:541)
2024-06-24 22:02:18,069 ERROR [http-nio-8080-exec-9] c.n.c.c.a.ExceptionAdvice [ExceptionAdvice.java:24] org.springframework.web.servlet.FrameworkServlet.doGet(FrameworkServlet.java:898)
2024-06-24 22:02:18,069 ERROR [http-nio-8080-exec-6] c.n.c.c.a.ExceptionAdvice [ExceptionAdvice.java:24] org.apache.catalina.core.StandardHostValve.invoke(StandardHostValve.java:135)
2024-06-24 22:02:18,069 ERROR [http-nio-8080-exec-9] c.n.c.c.a.ExceptionAdvice [ExceptionAdvice.java:24] javax.servlet.http.HttpServlet.service(HttpServlet.java:670)
2024-06-24 22:02:18,071 ERROR [http-nio-8080-exec-6] c.n.c.c.a.ExceptionAdvice [ExceptionAdvice.java:24] org.apache.catalina.valves.ErrorReportValve.invoke(ErrorReportValve.java:92)
2024-06-24 22:02:18,071 ERROR [http-nio-8080-exec-9] c.n.c.c.a.ExceptionAdvice [ExceptionAdvice.java:24] org.springframework.web.servlet.FrameworkServlet.service(FrameworkServlet.java:883)
2024-06-24 22:02:18,071 ERROR [http-nio-8080-exec-9] c.n.c.c.a.ExceptionAdvice [ExceptionAdvice.java:24] javax.servlet.http.HttpServlet.service(HttpServlet.java:779)
2024-06-24 22:02:18,071 ERROR [http-nio-8080-exec-6] c.n.c.c.a.ExceptionAdvice [ExceptionAdvice.java:24] org.apache.catalina.core.StandardEngineValve.invoke(StandardEngineValve.java:78)
2024-06-24 22:02:18,071 ERROR [http-nio-8080-exec-9] c.n.c.c.a.ExceptionAdvice [ExceptionAdvice.java:24] org.apache.catalina.core.ApplicationFilterChain.internalDoFilter(ApplicationFilterChain.java:227)
2024-06-24 22:02:18,071 ERROR [http-nio-8080-exec-9] c.n.c.c.a.ExceptionAdvice [ExceptionAdvice.java:24] org.apache.catalina.core.ApplicationFilterChain.doFilter(ApplicationFilterChain.java:162)
2024-06-24 22:02:18,071 ERROR [http-nio-8080-exec-6] c.n.c.c.a.ExceptionAdvice [ExceptionAdvice.java:24] org.apache.catalina.connector.CoyoteAdapter.service(CoyoteAdapter.java:360)
2024-06-24 22:02:18,071 ERROR [http-nio-8080-exec-9] c.n.c.c.a.ExceptionAdvice [ExceptionAdvice.java:24] org.apache.tomcat.websocket.server.WsFilter.doFilter(WsFilter.java:53)
2024-06-24 22:02:18,071 ERROR [http-nio-8080-exec-6] c.n.c.c.a.ExceptionAdvice [ExceptionAdvice.java:24] org.apache.coyote.http11.Http11Processor.service(Http11Processor.java:399)
2024-06-24 22:02:18,071 ERROR [http-nio-8080-exec-9] c.n.c.c.a.ExceptionAdvice [ExceptionAdvice.java:24] org.apache.catalina.core.ApplicationFilterChain.internalDoFilter(ApplicationFilterChain.java:189)
2024-06-24 22:02:18,071 ERROR [http-nio-8080-exec-6] c.n.c.c.a.ExceptionAdvice [ExceptionAdvice.java:24] org.apache.coyote.AbstractProcessorLight.process(AbstractProcessorLight.java:65)
2024-06-24 22:02:18,071 ERROR [http-nio-8080-exec-9] c.n.c.c.a.ExceptionAdvice [ExceptionAdvice.java:24] org.apache.catalina.core.ApplicationFilterChain.doFilter(ApplicationFilterChain.java:162)
2024-06-24 22:02:18,071 ERROR [http-nio-8080-exec-6] c.n.c.c.a.ExceptionAdvice [ExceptionAdvice.java:24] org.apache.coyote.AbstractProtocol$ConnectionHandler.process(AbstractProtocol.java:893)
2024-06-24 22:02:18,071 ERROR [http-nio-8080-exec-9] c.n.c.c.a.ExceptionAdvice [ExceptionAdvice.java:24] org.springframework.web.filter.RequestContextFilter.doFilterInternal(RequestContextFilter.java:100)
2024-06-24 22:02:18,071 ERROR [http-nio-8080-exec-6] c.n.c.c.a.ExceptionAdvice [ExceptionAdvice.java:24] org.apache.tomcat.util.net.NioEndpoint$SocketProcessor.doRun(NioEndpoint.java:1789)
2024-06-24 22:02:18,071 ERROR [http-nio-8080-exec-9] c.n.c.c.a.ExceptionAdvice [ExceptionAdvice.java:24] org.springframework.web.filter.OncePerRequestFilter.doFilter(OncePerRequestFilter.java:117)
2024-06-24 22:02:18,071 ERROR [http-nio-8080-exec-6] c.n.c.c.a.ExceptionAdvice [ExceptionAdvice.java:24] org.apache.tomcat.util.net.SocketProcessorBase.run(SocketProcessorBase.java:49)
2024-06-24 22:02:18,071 ERROR [http-nio-8080-exec-9] c.n.c.c.a.ExceptionAdvice [ExceptionAdvice.java:24] org.apache.catalina.core.ApplicationFilterChain.internalDoFilter(ApplicationFilterChain.java:189)
2024-06-24 22:02:18,071 ERROR [http-nio-8080-exec-6] c.n.c.c.a.ExceptionAdvice [ExceptionAdvice.java:24] org.apache.tomcat.util.threads.ThreadPoolExecutor.runWorker(ThreadPoolExecutor.java:1191)
2024-06-24 22:02:18,071 ERROR [http-nio-8080-exec-9] c.n.c.c.a.ExceptionAdvice [ExceptionAdvice.java:24] org.apache.catalina.core.ApplicationFilterChain.doFilter(ApplicationFilterChain.java:162)
2024-06-24 22:02:18,071 ERROR [http-nio-8080-exec-6] c.n.c.c.a.ExceptionAdvice [ExceptionAdvice.java:24] org.apache.tomcat.util.threads.ThreadPoolExecutor$Worker.run(ThreadPoolExecutor.java:659)
2024-06-24 22:02:18,071 ERROR [http-nio-8080-exec-9] c.n.c.c.a.ExceptionAdvice [ExceptionAdvice.java:24] org.springframework.web.filter.FormContentFilter.doFilterInternal(FormContentFilter.java:93)
2024-06-24 22:02:18,071 ERROR [http-nio-8080-exec-6] c.n.c.c.a.ExceptionAdvice [ExceptionAdvice.java:24] org.apache.tomcat.util.threads.TaskThread$WrappingRunnable.run(TaskThread.java:61)
2024-06-24 22:02:18,071 ERROR [http-nio-8080-exec-9] c.n.c.c.a.ExceptionAdvice [ExceptionAdvice.java:24] org.springframework.web.filter.OncePerRequestFilter.doFilter(OncePerRequestFilter.java:117)
2024-06-24 22:02:18,071 ERROR [http-nio-8080-exec-6] c.n.c.c.a.ExceptionAdvice [ExceptionAdvice.java:24] java.base/java.lang.Thread.run(Thread.java:840)
2024-06-24 22:02:18,071 ERROR [http-nio-8080-exec-9] c.n.c.c.a.ExceptionAdvice [ExceptionAdvice.java:24] org.apache.catalina.core.ApplicationFilterChain.internalDoFilter(ApplicationFilterChain.java:189)
2024-06-24 22:02:18,071 ERROR [http-nio-8080-exec-9] c.n.c.c.a.ExceptionAdvice [ExceptionAdvice.java:24] org.apache.catalina.core.ApplicationFilterChain.doFilter(ApplicationFilterChain.java:162)
2024-06-24 22:02:18,072 ERROR [http-nio-8080-exec-9] c.n.c.c.a.ExceptionAdvice [ExceptionAdvice.java:24] org.springframework.web.filter.CharacterEncodingFilter.doFilterInternal(CharacterEncodingFilter.java:201)
2024-06-24 22:02:18,072 ERROR [http-nio-8080-exec-9] c.n.c.c.a.ExceptionAdvice [ExceptionAdvice.java:24] org.springframework.web.filter.OncePerRequestFilter.doFilter(OncePerRequestFilter.java:117)
2024-06-24 22:02:18,072 ERROR [http-nio-8080-exec-9] c.n.c.c.a.ExceptionAdvice [ExceptionAdvice.java:24] org.apache.catalina.core.ApplicationFilterChain.internalDoFilter(ApplicationFilterChain.java:189)
2024-06-24 22:02:18,072 ERROR [http-nio-8080-exec-9] c.n.c.c.a.ExceptionAdvice [ExceptionAdvice.java:24] org.apache.catalina.core.ApplicationFilterChain.doFilter(ApplicationFilterChain.java:162)
2024-06-24 22:02:18,072 ERROR [http-nio-8080-exec-9] c.n.c.c.a.ExceptionAdvice [ExceptionAdvice.java:24] org.apache.catalina.core.StandardWrapperValve.invoke(StandardWrapperValve.java:197)
2024-06-24 22:02:18,072 ERROR [http-nio-8080-exec-9] c.n.c.c.a.ExceptionAdvice [ExceptionAdvice.java:24] org.apache.catalina.core.StandardContextValve.invoke(StandardContextValve.java:97)
2024-06-24 22:02:18,072 ERROR [http-nio-8080-exec-9] c.n.c.c.a.ExceptionAdvice [ExceptionAdvice.java:24] org.apache.catalina.authenticator.AuthenticatorBase.invoke(AuthenticatorBase.java:541)
2024-06-24 22:02:18,072 ERROR [http-nio-8080-exec-9] c.n.c.c.a.ExceptionAdvice [ExceptionAdvice.java:24] org.apache.catalina.core.StandardHostValve.invoke(StandardHostValve.java:135)
2024-06-24 22:02:18,072 ERROR [http-nio-8080-exec-9] c.n.c.c.a.ExceptionAdvice [ExceptionAdvice.java:24] org.apache.catalina.valves.ErrorReportValve.invoke(ErrorReportValve.java:92)
2024-06-24 22:02:18,072 ERROR [http-nio-8080-exec-9] c.n.c.c.a.ExceptionAdvice [ExceptionAdvice.java:24] org.apache.catalina.core.StandardEngineValve.invoke(StandardEngineValve.java:78)
2024-06-24 22:02:18,072 ERROR [http-nio-8080-exec-9] c.n.c.c.a.ExceptionAdvice [ExceptionAdvice.java:24] org.apache.catalina.connector.CoyoteAdapter.service(CoyoteAdapter.java:360)
2024-06-24 22:02:18,072 ERROR [http-nio-8080-exec-9] c.n.c.c.a.ExceptionAdvice [ExceptionAdvice.java:24] org.apache.coyote.http11.Http11Processor.service(Http11Processor.java:399)
2024-06-24 22:02:18,072 ERROR [http-nio-8080-exec-9] c.n.c.c.a.ExceptionAdvice [ExceptionAdvice.java:24] org.apache.coyote.AbstractProcessorLight.process(AbstractProcessorLight.java:65)
2024-06-24 22:02:18,072 ERROR [http-nio-8080-exec-9] c.n.c.c.a.ExceptionAdvice [ExceptionAdvice.java:24] org.apache.coyote.AbstractProtocol$ConnectionHandler.process(AbstractProtocol.java:893)
2024-06-24 22:02:18,073 ERROR [http-nio-8080-exec-9] c.n.c.c.a.ExceptionAdvice [ExceptionAdvice.java:24] org.apache.tomcat.util.net.NioEndpoint$SocketProcessor.doRun(NioEndpoint.java:1789)
2024-06-24 22:02:18,073 ERROR [http-nio-8080-exec-9] c.n.c.c.a.ExceptionAdvice [ExceptionAdvice.java:24] org.apache.tomcat.util.net.SocketProcessorBase.run(SocketProcessorBase.java:49)
2024-06-24 22:02:18,073 ERROR [http-nio-8080-exec-9] c.n.c.c.a.ExceptionAdvice [ExceptionAdvice.java:24] org.apache.tomcat.util.threads.ThreadPoolExecutor.runWorker(ThreadPoolExecutor.java:1191)
2024-06-24 22:02:18,073 ERROR [http-nio-8080-exec-9] c.n.c.c.a.ExceptionAdvice [ExceptionAdvice.java:24] org.apache.tomcat.util.threads.ThreadPoolExecutor$Worker.run(ThreadPoolExecutor.java:659)
2024-06-24 22:02:18,073 ERROR [http-nio-8080-exec-9] c.n.c.c.a.ExceptionAdvice [ExceptionAdvice.java:24] org.apache.tomcat.util.threads.TaskThread$WrappingRunnable.run(TaskThread.java:61)
2024-06-24 22:02:18,073 ERROR [http-nio-8080-exec-9] c.n.c.c.a.ExceptionAdvice [ExceptionAdvice.java:24] java.base/java.lang.Thread.run(Thread.java:840)
